Using pre-set license
Built from '2021.3/staging' branch; Version is '2021.3.11f1 (0a5ca18544bf) revision 679073'; Using compiler version '192829333'; Build Type 'Release'
OS: 'Windows 10  (10.0.19045) 64bit Professional' Language: 'ru' Physical Memory: 15715 MB
BatchMode: 1, IsHumanControllingUs: 0, StartBugReporterOnCrash: 0, Is64bit: 1, IsPro: 1

COMMAND LINE ARGUMENTS:
E:\2021.3.11f1\Editor\Unity.exe
-adb2
-batchMode
-noUpm
-name
AssetImportWorker0
-projectPath
C:/Users/diana/Documents/GitHub/kokojambo/kokojambo
-logFile
Logs/AssetImportWorker0.log
-srvPort
54360
Successfully changed project path to: C:/Users/diana/Documents/GitHub/kokojambo/kokojambo
C:/Users/diana/Documents/GitHub/kokojambo/kokojambo
[UnityMemory] Configuration Parameters - Can be set up in boot.config
    "memorysetup-bucket-allocator-granularity=16"
    "memorysetup-bucket-allocator-bucket-count=8"
    "memorysetup-bucket-allocator-block-size=33554432"
    "memorysetup-bucket-allocator-block-count=8"
    "memorysetup-main-allocator-block-size=16777216"
    "memorysetup-thread-allocator-block-size=16777216"
    "memorysetup-gfx-main-allocator-block-size=16777216"
    "memorysetup-gfx-thread-allocator-block-size=16777216"
    "memorysetup-cache-allocator-block-size=4194304"
    "memorysetup-typetree-allocator-block-size=2097152"
    "memorysetup-profiler-bucket-allocator-granularity=16"
    "memorysetup-profiler-bucket-allocator-bucket-count=8"
    "memorysetup-profiler-bucket-allocator-block-size=33554432"
    "memorysetup-profiler-bucket-allocator-block-count=8"
    "memorysetup-profiler-allocator-block-size=16777216"
    "memorysetup-profiler-editor-allocator-block-size=1048576"
    "memorysetup-temp-allocator-size-main=16777216"
    "memorysetup-job-temp-allocator-block-size=2097152"
    "memorysetup-job-temp-allocator-block-size-background=1048576"
    "memorysetup-job-temp-allocator-reduction-small-platforms=262144"
    "memorysetup-temp-allocator-size-background-worker=32768"
    "memorysetup-temp-allocator-size-job-worker=262144"
    "memorysetup-temp-allocator-size-preload-manager=33554432"
    "memorysetup-temp-allocator-size-nav-mesh-worker=65536"
    "memorysetup-temp-allocator-size-audio-worker=65536"
    "memorysetup-temp-allocator-size-cloud-worker=32768"
    "memorysetup-temp-allocator-size-gi-baking-worker=262144"
    "memorysetup-temp-allocator-size-gfx=262144"
Refreshing native plugins compatible for Editor in 98.71 ms, found 6 plugins.
Preloading 0 native plugins for Editor in 0.00 ms.
Initialize engine version: 2021.3.11f1 (0a5ca18544bf)
[Subsystems] Discovering subsystems at path E:/2021.3.11f1/Editor/Data/Resources/UnitySubsystems
[Subsystems] Discovering subsystems at path C:/Users/diana/Documents/GitHub/kokojambo/kokojambo/Assets
GfxDevice: creating device client; threaded=0; jobified=0
Direct3D:
    Version:  Direct3D 11.0 [level 11.1]
    Renderer: NVIDIA GeForce RTX 3060 Laptop GPU (ID=0x2520)
    Vendor:   NVIDIA
    VRAM:     6023 MB
    Driver:   30.0.15.1278
Initialize mono
Mono path[0] = 'E:/2021.3.11f1/Editor/Data/Managed'
Mono path[1] = 'E:/2021.3.11f1/Editor/Data/MonoBleedingEdge/lib/mono/unityjit-win32'
Mono config path = 'E:/2021.3.11f1/Editor/Data/MonoBleedingEdge/etc'
Using monoOptions --debugger-agent=transport=dt_socket,embedding=1,server=y,suspend=n,address=127.0.0.1:56556
Begin MonoManager ReloadAssembly
Registering precompiled unity dll's ...
Register platform support module: E:/2021.3.11f1/Editor/Data/PlaybackEngines/WebGLSupport/UnityEditor.WebGL.Extensions.dll
Register platform support module: E:/2021.3.11f1/Editor/Data/PlaybackEngines/MacStandaloneSupport/UnityEditor.OSXStandalone.Extensions.dll
Register platform support module: E:/2021.3.11f1/Editor/Data/PlaybackEngines/AndroidPlayer/UnityEditor.Android.Extensions.dll
Register platform support module: E:/2021.3.11f1/Editor/Data/PlaybackEngines/iOSSupport/UnityEditor.iOS.Extensions.dll
Register platform support module: E:/2021.3.11f1/Editor/Data/PlaybackEngines/AppleTVSupport/UnityEditor.AppleTV.Extensions.dll
Register platform support module: E:/2021.3.11f1/Editor/Data/PlaybackEngines/WindowsStandaloneSupport/UnityEditor.WindowsStandalone.Extensions.dll
Register platform support module: E:/2021.3.11f1/Editor/Data/PlaybackEngines/LinuxStandaloneSupport/UnityEditor.LinuxStandalone.Extensions.dll
Register platform support module: E:/2021.3.11f1/Editor/Data/PlaybackEngines/MetroSupport/UnityEditor.UWP.Extensions.dll
Registered in 0.003545 seconds.
Native extension for UWP target not found
Native extension for LinuxStandalone target not found
Native extension for WindowsStandalone target not found
[usbmuxd] Start listen thread
[usbmuxd] Listen thread started
Native extension for AppleTV target not found
[usbmuxd] Start listen thread
[usbmuxd] Listen thread started
Native extension for iOS target not found
Native extension for Android target not found
Native extension for OSXStandalone target not found
Native extension for WebGL target not found
Refreshing native plugins compatible for Editor in 89.34 ms, found 6 plugins.
Preloading 0 native plugins for Editor in 0.00 ms.
Mono: successfully reloaded assembly
- Completed reload, in  0.532 seconds
Domain Reload Profiling:
	ReloadAssembly (532ms)
		BeginReloadAssembly (53ms)
			ExecutionOrderSort (0ms)
			DisableScriptedObjects (0ms)
			BackupInstance (0ms)
			ReleaseScriptingObjects (0ms)
			CreateAndSetChildDomain (1ms)
		EndReloadAssembly (399ms)
			LoadAssemblies (53ms)
			RebuildTransferFunctionScriptingTraits (0ms)
			SetupTypeCache (80ms)
			ReleaseScriptCaches (0ms)
			RebuildScriptCaches (21ms)
			SetupLoadedEditorAssemblies (258ms)
				LogAssemblyErrors (0ms)
				InitializePlatformSupportModulesInManaged (57ms)
				SetLoadedEditorAssemblies (0ms)
				RefreshPlugins (89ms)
				BeforeProcessingInitializeOnLoad (1ms)
				ProcessInitializeOnLoadAttributes (75ms)
				ProcessInitializeOnLoadMethodAttributes (35ms)
				AfterProcessingInitializeOnLoad (0ms)
				EditorAssembliesLoaded (0ms)
			ExecutionOrderSort2 (0ms)
			AwakeInstancesAfterBackupRestoration (0ms)
Platform modules already initialized, skipping
Registering precompiled user dll's ...
Registered in 0.008200 seconds.
Begin MonoManager ReloadAssembly
Symbol file LoadedFromMemory doesn't match image C:\Users\diana\Documents\GitHub\kokojambo\kokojambo\Library\PackageCache\com.unity.visualscripting@1.7.8\Editor\VisualScripting.Core\Dependencies\YamlDotNet\Unity.VisualScripting.YamlDotNet.dll
Symbol file LoadedFromMemory doesn't match image C:\Users\diana\Documents\GitHub\kokojambo\kokojambo\Library\PackageCache\com.unity.visualscripting@1.7.8\Editor\VisualScripting.Core\Dependencies\DotNetZip\Unity.VisualScripting.IonicZip.dll
Native extension for UWP target not found
Native extension for LinuxStandalone target not found
Native extension for WindowsStandalone target not found
Native extension for AppleTV target not found
Native extension for iOS target not found
Native extension for Android target not found
Native extension for OSXStandalone target not found
Native extension for WebGL target not found
Refreshing native plugins compatible for Editor in 91.62 ms, found 6 plugins.
Preloading 0 native plugins for Editor in 0.00 ms.
Mono: successfully reloaded assembly
- Completed reload, in  1.118 seconds
Domain Reload Profiling:
	ReloadAssembly (1119ms)
		BeginReloadAssembly (196ms)
			ExecutionOrderSort (0ms)
			DisableScriptedObjects (5ms)
			BackupInstance (0ms)
			ReleaseScriptingObjects (0ms)
			CreateAndSetChildDomain (131ms)
		EndReloadAssembly (832ms)
			LoadAssemblies (68ms)
			RebuildTransferFunctionScriptingTraits (0ms)
			SetupTypeCache (224ms)
			ReleaseScriptCaches (1ms)
			RebuildScriptCaches (54ms)
			SetupLoadedEditorAssemblies (437ms)
				LogAssemblyErrors (0ms)
				InitializePlatformSupportModulesInManaged (21ms)
				SetLoadedEditorAssemblies (1ms)
				RefreshPlugins (92ms)
				BeforeProcessingInitializeOnLoad (88ms)
				ProcessInitializeOnLoadAttributes (198ms)
				ProcessInitializeOnLoadMethodAttributes (35ms)
				AfterProcessingInitializeOnLoad (2ms)
				EditorAssembliesLoaded (0ms)
			ExecutionOrderSort2 (0ms)
			AwakeInstancesAfterBackupRestoration (5ms)
Platform modules already initialized, skipping
========================================================================
Worker process is ready to serve import requests
Launched and connected shader compiler UnityShaderCompiler.exe after 0.04 seconds
Refreshing native plugins compatible for Editor in 0.77 ms, found 6 plugins.
Preloading 0 native plugins for Editor in 0.00 ms.
Unloading 4379 Unused Serialized files (Serialized files now loaded: 0)
Unloading 48 unused Assets / (56.3 KB). Loaded Objects now: 4830.
Memory consumption went from 165.8 MB to 165.7 MB.
Total: 3.332500 ms (FindLiveObjects: 0.288500 ms CreateObjectMapping: 0.121600 ms MarkObjects: 2.831100 ms  DeleteObjects: 0.090000 ms)

AssetImportParameters requested are different than current active one (requested -> active):
  custom:video-decoder-ogg-theora: a1e56fd34408186e4bbccfd4996cb3dc -> 
  custom:container-muxer-webm: aa71ff27fc2769a1b78a27578f13a17b -> 
  custom:container-demuxer-webm: 4f35f7cbe854078d1ac9338744f61a02 -> 
  custom:video-encoder-webm-vp8: eb34c28f22e8b96e1ab97ce403110664 -> 
  custom:audio-encoder-webm-vorbis: bf7c407c2cedff20999df2af8eb42d56 -> 
  custom:framework-win-MediaFoundation: 216162199b28c13a410421893ffa2e32 -> 
  custom:container-demuxer-ogg: 62fdf1f143b41e24485cea50d1cbac27 -> 
  custom:video-decoder-webm-vp8: 9c59270c3fd7afecdb556c50c9e8de78 -> 
  custom:audio-decoder-ogg-vorbis: bf7c407c2cedff20999df2af8eb42d56 -> 
========================================================================
Received Import Request.
  Time since last request: 1262909.772636 seconds.
  path: Assets/Fonts/QuinqueFive SDF.asset
  artifactKey: Guid(3d13b43d78a4a60478329daa3c8ee02b) Importer(815301076,1909f56bfc062723c751e8b465ee728b)
Start importing Assets/Fonts/QuinqueFive SDF.asset using Guid(3d13b43d78a4a60478329daa3c8ee02b) Importer(815301076,1909f56bfc062723c751e8b465ee728b)  -> (artifact id: '5db55ab7cd158fb4ca4094975aea2358') in 0.128689 seconds 
========================================================================
Received Import Request.
  Time since last request: 1032.085439 seconds.
  path: Assets/Skeleton_Seeker/skeleton_seeker_damage.png
  artifactKey: Guid(c40b47ad8a7034b4da9b911b3a4a8194) Importer(815301076,1909f56bfc062723c751e8b465ee728b)
Start importing Assets/Skeleton_Seeker/skeleton_seeker_damage.png using Guid(c40b47ad8a7034b4da9b911b3a4a8194) Importer(815301076,1909f56bfc062723c751e8b465ee728b)  -> (artifact id: '6aa697dff746d6f1bf7cde38b33013c1') in 0.036693 seconds 
========================================================================
Received Import Request.
  Time since last request: 0.000022 seconds.
  path: Assets/Skeleton_Seeker/skeleton_seeker_idle.png
  artifactKey: Guid(3f04a152a37a106469b95845a4b7c397) Importer(815301076,1909f56bfc062723c751e8b465ee728b)
Start importing Assets/Skeleton_Seeker/skeleton_seeker_idle.png using Guid(3f04a152a37a106469b95845a4b7c397) Importer(815301076,1909f56bfc062723c751e8b465ee728b)  -> (artifact id: '99655c9fa5a8f0bc9b96614cd890a257') in 0.017625 seconds 
========================================================================
Received Import Request.
  Time since last request: 0.000035 seconds.
  path: Assets/Skeleton_Seeker/skeleton_seeker_walk.png
  artifactKey: Guid(416180693a06ed043a945137533cb31f) Importer(815301076,1909f56bfc062723c751e8b465ee728b)
Start importing Assets/Skeleton_Seeker/skeleton_seeker_walk.png using Guid(416180693a06ed043a945137533cb31f) Importer(815301076,1909f56bfc062723c751e8b465ee728b)  -> (artifact id: '964a1161e773f3686bbb32cd9bacbce3') in 0.018224 seconds 
========================================================================
Received Import Request.
  Time since last request: 0.000022 seconds.
  path: Assets/Skeleton_Seeker/skeleton_skeleton_attack.png
  artifactKey: Guid(bef21919ed56773498215a2d84f1647a) Importer(815301076,1909f56bfc062723c751e8b465ee728b)
Start importing Assets/Skeleton_Seeker/skeleton_skeleton_attack.png using Guid(bef21919ed56773498215a2d84f1647a) Importer(815301076,1909f56bfc062723c751e8b465ee728b)  -> (artifact id: 'cebf39a5a48015d3d8580a52980df988') in 0.019703 seconds 
========================================================================
Received Import Request.
  Time since last request: 0.000023 seconds.
  path: Assets/Skeleton_Seeker/skeleton_seeker_spawn.png
  artifactKey: Guid(bedf4cfc53f252449a4c63e2fe08e5df) Importer(815301076,1909f56bfc062723c751e8b465ee728b)
Start importing Assets/Skeleton_Seeker/skeleton_seeker_spawn.png using Guid(bedf4cfc53f252449a4c63e2fe08e5df) Importer(815301076,1909f56bfc062723c751e8b465ee728b)  -> (artifact id: 'e108b6eb1e4f2e270b6a6d9d2ea59781') in 0.022485 seconds 
========================================================================
Received Import Request.
  Time since last request: 1.244689 seconds.
  path: Assets/Prefabs/DeadPlayer.prefab
  artifactKey: Guid(a1591e87a78622e4f94106427ff9c8eb) Importer(815301076,1909f56bfc062723c751e8b465ee728b)
Start importing Assets/Prefabs/DeadPlayer.prefab using Guid(a1591e87a78622e4f94106427ff9c8eb) Importer(815301076,1909f56bfc062723c751e8b465ee728b)  -> (artifact id: 'b3cd9d26f252e065147bd6b95d9ed7b8') in 0.020453 seconds 
========================================================================
Received Import Request.
  Time since last request: 0.000025 seconds.
  path: Assets/Prefabs/DefaultRope_3.prefab
  artifactKey: Guid(9217c9a0027b13641888c655e94a0b74) Importer(815301076,1909f56bfc062723c751e8b465ee728b)
Start importing Assets/Prefabs/DefaultRope_3.prefab using Guid(9217c9a0027b13641888c655e94a0b74) Importer(815301076,1909f56bfc062723c751e8b465ee728b)  -> (artifact id: 'a8624f6aa4412b83eda8e6c25419488d') in 0.009500 seconds 
========================================================================
Received Import Request.
  Time since last request: 0.000023 seconds.
  path: Assets/Prefabs/Sleeping.prefab
  artifactKey: Guid(97d46e81057d37b478db04cb0bd06b43) Importer(815301076,1909f56bfc062723c751e8b465ee728b)
Start importing Assets/Prefabs/Sleeping.prefab using Guid(97d46e81057d37b478db04cb0bd06b43) Importer(815301076,1909f56bfc062723c751e8b465ee728b)  -> (artifact id: '85053cb01ea7ce49ac4153f7d5751e15') in 0.014553 seconds 
========================================================================
Received Import Request.
  Time since last request: 0.000025 seconds.
  path: Assets/Prefabs/New Physics Material 2D.physicsMaterial2D
  artifactKey: Guid(b620cbbdf4cc4fb4298277807c064e48) Importer(815301076,1909f56bfc062723c751e8b465ee728b)
Start importing Assets/Prefabs/New Physics Material 2D.physicsMaterial2D using Guid(b620cbbdf4cc4fb4298277807c064e48) Importer(815301076,1909f56bfc062723c751e8b465ee728b)  -> (artifact id: '26f95617255c6ba1a5155427f94fd592') in 0.003781 seconds 
========================================================================
Received Import Request.
  Time since last request: 0.000028 seconds.
  path: Assets/Prefabs/DefaultRope_3 2.prefab
  artifactKey: Guid(5282742446a1beb48893735479eddfd2) Importer(815301076,1909f56bfc062723c751e8b465ee728b)
Start importing Assets/Prefabs/DefaultRope_3 2.prefab using Guid(5282742446a1beb48893735479eddfd2) Importer(815301076,1909f56bfc062723c751e8b465ee728b)  -> (artifact id: '6fe519e68faf6797744b70f3809302fe') in 0.008895 seconds 
========================================================================
Received Import Request.
  Time since last request: 0.000018 seconds.
  path: Assets/Prefabs/DefaultRope_4.prefab
  artifactKey: Guid(d77f5aee850cb7f459c691c311651770) Importer(815301076,1909f56bfc062723c751e8b465ee728b)
Start importing Assets/Prefabs/DefaultRope_4.prefab using Guid(d77f5aee850cb7f459c691c311651770) Importer(815301076,1909f56bfc062723c751e8b465ee728b)  -> (artifact id: 'adfe9b35a135c9846560a7b70da37778') in 0.008750 seconds 
========================================================================
Received Import Request.
  Time since last request: 0.000021 seconds.
  path: Assets/Prefabs/Dynamic Rope (1).prefab
  artifactKey: Guid(ae7f56169cfe714438d55c64c4528c70) Importer(815301076,1909f56bfc062723c751e8b465ee728b)
Start importing Assets/Prefabs/Dynamic Rope (1).prefab using Guid(ae7f56169cfe714438d55c64c4528c70) Importer(815301076,1909f56bfc062723c751e8b465ee728b)  -> (artifact id: '3083b4426bb44822f37c51da5d4f2e3e') in 0.010525 seconds 
========================================================================
Received Import Request.
  Time since last request: 0.000018 seconds.
  path: Assets/Prefabs/DefaultRope_3 1.prefab
  artifactKey: Guid(6d90c0f39e4694243bcf0da4a63770a1) Importer(815301076,1909f56bfc062723c751e8b465ee728b)
Start importing Assets/Prefabs/DefaultRope_3 1.prefab using Guid(6d90c0f39e4694243bcf0da4a63770a1) Importer(815301076,1909f56bfc062723c751e8b465ee728b)  -> (artifact id: '5f8e6aa4cfc6d14b38da7caa5a08d6d6') in 0.008386 seconds 
========================================================================
Received Import Request.
  Time since last request: 1.290785 seconds.
  path: Assets/Icons/ExclamationMark.png
  artifactKey: Guid(aa61f54c0958e06428881edbd2b60f30) Importer(815301076,1909f56bfc062723c751e8b465ee728b)
Start importing Assets/Icons/ExclamationMark.png using Guid(aa61f54c0958e06428881edbd2b60f30) Importer(815301076,1909f56bfc062723c751e8b465ee728b)  -> (artifact id: '022202ce8ee958d10e29fe108b245f4a') in 0.013983 seconds 
