Using pre-set license
Built from '2021.3/staging' branch; Version is '2021.3.11f1 (0a5ca18544bf) revision 679073'; Using compiler version '192829333'; Build Type 'Release'
OS: 'Windows 10  (10.0.19045) 64bit Professional' Language: 'ru' Physical Memory: 15715 MB
BatchMode: 1, IsHumanControllingUs: 0, StartBugReporterOnCrash: 0, Is64bit: 1, IsPro: 1

COMMAND LINE ARGUMENTS:
E:\2021.3.11f1\Editor\Unity.exe
-adb2
-batchMode
-noUpm
-name
AssetImportWorker3
-projectPath
C:/Users/diana/Documents/GitHub/kokojambo/kokojambo
-logFile
Logs/AssetImportWorker3.log
-srvPort
49747
Successfully changed project path to: C:/Users/diana/Documents/GitHub/kokojambo/kokojambo
C:/Users/diana/Documents/GitHub/kokojambo/kokojambo
[UnityMemory] Configuration Parameters - Can be set up in boot.config
    "memorysetup-bucket-allocator-granularity=16"
    "memorysetup-bucket-allocator-bucket-count=8"
    "memorysetup-bucket-allocator-block-size=33554432"
    "memorysetup-bucket-allocator-block-count=8"
    "memorysetup-main-allocator-block-size=16777216"
    "memorysetup-thread-allocator-block-size=16777216"
    "memorysetup-gfx-main-allocator-block-size=16777216"
    "memorysetup-gfx-thread-allocator-block-size=16777216"
    "memorysetup-cache-allocator-block-size=4194304"
    "memorysetup-typetree-allocator-block-size=2097152"
    "memorysetup-profiler-bucket-allocator-granularity=16"
    "memorysetup-profiler-bucket-allocator-bucket-count=8"
    "memorysetup-profiler-bucket-allocator-block-size=33554432"
    "memorysetup-profiler-bucket-allocator-block-count=8"
    "memorysetup-profiler-allocator-block-size=16777216"
    "memorysetup-profiler-editor-allocator-block-size=1048576"
    "memorysetup-temp-allocator-size-main=16777216"
    "memorysetup-job-temp-allocator-block-size=2097152"
    "memorysetup-job-temp-allocator-block-size-background=1048576"
    "memorysetup-job-temp-allocator-reduction-small-platforms=262144"
    "memorysetup-temp-allocator-size-background-worker=32768"
    "memorysetup-temp-allocator-size-job-worker=262144"
    "memorysetup-temp-allocator-size-preload-manager=33554432"
    "memorysetup-temp-allocator-size-nav-mesh-worker=65536"
    "memorysetup-temp-allocator-size-audio-worker=65536"
    "memorysetup-temp-allocator-size-cloud-worker=32768"
    "memorysetup-temp-allocator-size-gi-baking-worker=262144"
    "memorysetup-temp-allocator-size-gfx=262144"
Refreshing native plugins compatible for Editor in 104.54 ms, found 6 plugins.
Preloading 0 native plugins for Editor in 0.00 ms.
Initialize engine version: 2021.3.11f1 (0a5ca18544bf)
[Subsystems] Discovering subsystems at path E:/2021.3.11f1/Editor/Data/Resources/UnitySubsystems
[Subsystems] Discovering subsystems at path C:/Users/diana/Documents/GitHub/kokojambo/kokojambo/Assets
GfxDevice: creating device client; threaded=0; jobified=0
Direct3D:
    Version:  Direct3D 11.0 [level 11.1]
    Renderer: NVIDIA GeForce RTX 3060 Laptop GPU (ID=0x2520)
    Vendor:   NVIDIA
    VRAM:     6023 MB
    Driver:   30.0.15.1278
Initialize mono
Mono path[0] = 'E:/2021.3.11f1/Editor/Data/Managed'
Mono path[1] = 'E:/2021.3.11f1/Editor/Data/MonoBleedingEdge/lib/mono/unityjit-win32'
Mono config path = 'E:/2021.3.11f1/Editor/Data/MonoBleedingEdge/etc'
Using monoOptions --debugger-agent=transport=dt_socket,embedding=1,server=y,suspend=n,address=127.0.0.1:56304
Begin MonoManager ReloadAssembly
Registering precompiled unity dll's ...
Register platform support module: E:/2021.3.11f1/Editor/Data/PlaybackEngines/WebGLSupport/UnityEditor.WebGL.Extensions.dll
Register platform support module: E:/2021.3.11f1/Editor/Data/PlaybackEngines/MacStandaloneSupport/UnityEditor.OSXStandalone.Extensions.dll
Register platform support module: E:/2021.3.11f1/Editor/Data/PlaybackEngines/AndroidPlayer/UnityEditor.Android.Extensions.dll
Register platform support module: E:/2021.3.11f1/Editor/Data/PlaybackEngines/iOSSupport/UnityEditor.iOS.Extensions.dll
Register platform support module: E:/2021.3.11f1/Editor/Data/PlaybackEngines/AppleTVSupport/UnityEditor.AppleTV.Extensions.dll
Register platform support module: E:/2021.3.11f1/Editor/Data/PlaybackEngines/WindowsStandaloneSupport/UnityEditor.WindowsStandalone.Extensions.dll
Register platform support module: E:/2021.3.11f1/Editor/Data/PlaybackEngines/LinuxStandaloneSupport/UnityEditor.LinuxStandalone.Extensions.dll
Register platform support module: E:/2021.3.11f1/Editor/Data/PlaybackEngines/MetroSupport/UnityEditor.UWP.Extensions.dll
Registered in 0.003459 seconds.
Native extension for UWP target not found
Native extension for LinuxStandalone target not found
Native extension for WindowsStandalone target not found
[usbmuxd] Start listen thread
[usbmuxd] Listen thread started
Native extension for AppleTV target not found
[usbmuxd] Start listen thread
[usbmuxd] Listen thread started
Native extension for iOS target not found
Native extension for Android target not found
Native extension for OSXStandalone target not found
Native extension for WebGL target not found
Refreshing native plugins compatible for Editor in 86.62 ms, found 6 plugins.
Preloading 0 native plugins for Editor in 0.00 ms.
Mono: successfully reloaded assembly
- Completed reload, in  0.519 seconds
Domain Reload Profiling:
	ReloadAssembly (520ms)
		BeginReloadAssembly (51ms)
			ExecutionOrderSort (0ms)
			DisableScriptedObjects (0ms)
			BackupInstance (0ms)
			ReleaseScriptingObjects (0ms)
			CreateAndSetChildDomain (1ms)
		EndReloadAssembly (392ms)
			LoadAssemblies (51ms)
			RebuildTransferFunctionScriptingTraits (0ms)
			SetupTypeCache (78ms)
			ReleaseScriptCaches (0ms)
			RebuildScriptCaches (20ms)
			SetupLoadedEditorAssemblies (254ms)
				LogAssemblyErrors (0ms)
				InitializePlatformSupportModulesInManaged (56ms)
				SetLoadedEditorAssemblies (0ms)
				RefreshPlugins (87ms)
				BeforeProcessingInitializeOnLoad (1ms)
				ProcessInitializeOnLoadAttributes (75ms)
				ProcessInitializeOnLoadMethodAttributes (35ms)
				AfterProcessingInitializeOnLoad (0ms)
				EditorAssembliesLoaded (0ms)
			ExecutionOrderSort2 (0ms)
			AwakeInstancesAfterBackupRestoration (0ms)
Platform modules already initialized, skipping
Registering precompiled user dll's ...
Registered in 0.007764 seconds.
Begin MonoManager ReloadAssembly
Symbol file LoadedFromMemory doesn't match image C:\Users\diana\Documents\GitHub\kokojambo\kokojambo\Library\PackageCache\com.unity.visualscripting@1.7.8\Editor\VisualScripting.Core\Dependencies\YamlDotNet\Unity.VisualScripting.YamlDotNet.dll
Symbol file LoadedFromMemory doesn't match image C:\Users\diana\Documents\GitHub\kokojambo\kokojambo\Library\PackageCache\com.unity.visualscripting@1.7.8\Editor\VisualScripting.Core\Dependencies\DotNetZip\Unity.VisualScripting.IonicZip.dll
Native extension for UWP target not found
Native extension for LinuxStandalone target not found
Native extension for WindowsStandalone target not found
Native extension for AppleTV target not found
Native extension for iOS target not found
Native extension for Android target not found
Native extension for OSXStandalone target not found
Native extension for WebGL target not found
Refreshing native plugins compatible for Editor in 87.03 ms, found 6 plugins.
Preloading 0 native plugins for Editor in 0.00 ms.
Mono: successfully reloaded assembly
- Completed reload, in  1.098 seconds
Domain Reload Profiling:
	ReloadAssembly (1099ms)
		BeginReloadAssembly (189ms)
			ExecutionOrderSort (0ms)
			DisableScriptedObjects (5ms)
			BackupInstance (0ms)
			ReleaseScriptingObjects (0ms)
			CreateAndSetChildDomain (121ms)
		EndReloadAssembly (822ms)
			LoadAssemblies (73ms)
			RebuildTransferFunctionScriptingTraits (0ms)
			SetupTypeCache (229ms)
			ReleaseScriptCaches (1ms)
			RebuildScriptCaches (46ms)
			SetupLoadedEditorAssemblies (423ms)
				LogAssemblyErrors (0ms)
				InitializePlatformSupportModulesInManaged (22ms)
				SetLoadedEditorAssemblies (1ms)
				RefreshPlugins (87ms)
				BeforeProcessingInitializeOnLoad (87ms)
				ProcessInitializeOnLoadAttributes (189ms)
				ProcessInitializeOnLoadMethodAttributes (34ms)
				AfterProcessingInitializeOnLoad (2ms)
				EditorAssembliesLoaded (0ms)
			ExecutionOrderSort2 (0ms)
			AwakeInstancesAfterBackupRestoration (5ms)
Platform modules already initialized, skipping
========================================================================
Worker process is ready to serve import requests
Launched and connected shader compiler UnityShaderCompiler.exe after 0.04 seconds
Refreshing native plugins compatible for Editor in 0.90 ms, found 6 plugins.
Preloading 0 native plugins for Editor in 0.00 ms.
Unloading 4379 Unused Serialized files (Serialized files now loaded: 0)
Unloading 48 unused Assets / (56.3 KB). Loaded Objects now: 4830.
Memory consumption went from 165.7 MB to 165.7 MB.
Total: 2.820400 ms (FindLiveObjects: 0.244300 ms CreateObjectMapping: 0.104300 ms MarkObjects: 2.398600 ms  DeleteObjects: 0.072300 ms)

AssetImportParameters requested are different than current active one (requested -> active):
  custom:video-decoder-ogg-theora: a1e56fd34408186e4bbccfd4996cb3dc -> 
  custom:container-muxer-webm: aa71ff27fc2769a1b78a27578f13a17b -> 
  custom:container-demuxer-webm: 4f35f7cbe854078d1ac9338744f61a02 -> 
  custom:video-encoder-webm-vp8: eb34c28f22e8b96e1ab97ce403110664 -> 
  custom:audio-encoder-webm-vorbis: bf7c407c2cedff20999df2af8eb42d56 -> 
  custom:framework-win-MediaFoundation: 216162199b28c13a410421893ffa2e32 -> 
  custom:container-demuxer-ogg: 62fdf1f143b41e24485cea50d1cbac27 -> 
  custom:video-decoder-webm-vp8: 9c59270c3fd7afecdb556c50c9e8de78 -> 
  custom:audio-decoder-ogg-vorbis: bf7c407c2cedff20999df2af8eb42d56 -> 
========================================================================
Received Import Request.
  Time since last request: 1235232.871323 seconds.
  path: Assets/backgroundlvl2/1 Tiles/Tile_48.png
  artifactKey: Guid(8ba01a87b2722394888e1a4b1981cecb) Importer(815301076,1909f56bfc062723c751e8b465ee728b)
Start importing Assets/backgroundlvl2/1 Tiles/Tile_48.png using Guid(8ba01a87b2722394888e1a4b1981cecb) Importer(815301076,1909f56bfc062723c751e8b465ee728b)  -> (artifact id: 'd779569cb55911cb9462252c915c5325') in 0.099308 seconds 
========================================================================
Received Import Request.
  Time since last request: 0.000022 seconds.
  path: Assets/backgroundlvl2/1 Tiles/Tile_67.png
  artifactKey: Guid(3aab67828c4d0444a8a096f3627f5ba1) Importer(815301076,1909f56bfc062723c751e8b465ee728b)
Start importing Assets/backgroundlvl2/1 Tiles/Tile_67.png using Guid(3aab67828c4d0444a8a096f3627f5ba1) Importer(815301076,1909f56bfc062723c751e8b465ee728b)  -> (artifact id: 'e70482a76d85a4e3b60fb217eebd02ec') in 0.016667 seconds 
========================================================================
Received Import Request.
  Time since last request: 0.000038 seconds.
  path: Assets/backgroundlvl2/1 Tiles/Tile_74.png
  artifactKey: Guid(8ea1602bdb8a2cb4aa7cf26a73276261) Importer(815301076,1909f56bfc062723c751e8b465ee728b)
Start importing Assets/backgroundlvl2/1 Tiles/Tile_74.png using Guid(8ea1602bdb8a2cb4aa7cf26a73276261) Importer(815301076,1909f56bfc062723c751e8b465ee728b)  -> (artifact id: 'fcc4130fa508bca873ff81ba0c746bb0') in 0.014813 seconds 
========================================================================
Received Import Request.
  Time since last request: 0.000020 seconds.
  path: Assets/backgroundlvl2/1 Tiles/Tile_73.png
  artifactKey: Guid(26f75f12675437349a9fd6c66f1688e0) Importer(815301076,1909f56bfc062723c751e8b465ee728b)
Start importing Assets/backgroundlvl2/1 Tiles/Tile_73.png using Guid(26f75f12675437349a9fd6c66f1688e0) Importer(815301076,1909f56bfc062723c751e8b465ee728b)  -> (artifact id: '16390f51eaebd22d75b6d64212d57b2b') in 0.019230 seconds 
========================================================================
Received Import Request.
  Time since last request: 0.000020 seconds.
  path: Assets/backgroundlvl2/1 Tiles/Tile_75.png
  artifactKey: Guid(eea4da7fdc88b8046b887778b5f93170) Importer(815301076,1909f56bfc062723c751e8b465ee728b)
Start importing Assets/backgroundlvl2/1 Tiles/Tile_75.png using Guid(eea4da7fdc88b8046b887778b5f93170) Importer(815301076,1909f56bfc062723c751e8b465ee728b)  -> (artifact id: '279dacfc94c5793903955637b5ab1f0f') in 0.013436 seconds 
========================================================================
Received Import Request.
  Time since last request: 0.000023 seconds.
  path: Assets/backgroundlvl2/1 Tiles/Tile_56.png
  artifactKey: Guid(a9401f761e5900945a5f7945b6ce9e37) Importer(815301076,1909f56bfc062723c751e8b465ee728b)
Start importing Assets/backgroundlvl2/1 Tiles/Tile_56.png using Guid(a9401f761e5900945a5f7945b6ce9e37) Importer(815301076,1909f56bfc062723c751e8b465ee728b)  -> (artifact id: '04d0a8d5317cc24733f493dc6a482bf0') in 0.014035 seconds 
========================================================================
Received Import Request.
  Time since last request: 0.000017 seconds.
  path: Assets/backgroundlvl2/1 Tiles/Tile_58.png
  artifactKey: Guid(5fd5bf50d1cb30d45804a4c1ab9ab047) Importer(815301076,1909f56bfc062723c751e8b465ee728b)
Start importing Assets/backgroundlvl2/1 Tiles/Tile_58.png using Guid(5fd5bf50d1cb30d45804a4c1ab9ab047) Importer(815301076,1909f56bfc062723c751e8b465ee728b)  -> (artifact id: '8b443883b9b2f22b5e50b289f5c47f65') in 0.013023 seconds 
========================================================================
Received Import Request.
  Time since last request: 0.000018 seconds.
  path: Assets/backgroundlvl2/1 Tiles/Tile_68.png
  artifactKey: Guid(c5dd69d779834bb4f990e0a1679cafba) Importer(815301076,1909f56bfc062723c751e8b465ee728b)
Start importing Assets/backgroundlvl2/1 Tiles/Tile_68.png using Guid(c5dd69d779834bb4f990e0a1679cafba) Importer(815301076,1909f56bfc062723c751e8b465ee728b)  -> (artifact id: '7070a1405d062bdf5ed7bd702925da13') in 0.012585 seconds 
========================================================================
Received Import Request.
  Time since last request: 0.131767 seconds.
  path: Assets/backgroundlvl2/1 Tiles/Tile_81.png
  artifactKey: Guid(3ce68a0ce1948774db01a5411b0a3f9f) Importer(815301076,1909f56bfc062723c751e8b465ee728b)
Start importing Assets/backgroundlvl2/1 Tiles/Tile_81.png using Guid(3ce68a0ce1948774db01a5411b0a3f9f) Importer(815301076,1909f56bfc062723c751e8b465ee728b)  -> (artifact id: '646c25ee1da28122e3dc103528747857') in 0.011682 seconds 
========================================================================
Received Import Request.
  Time since last request: 0.000017 seconds.
  path: Assets/backgroundlvl2/1 Tiles/Tileset.png
  artifactKey: Guid(4b81e27103ffc2b45b1a7341b5f34e46) Importer(815301076,1909f56bfc062723c751e8b465ee728b)
Start importing Assets/backgroundlvl2/1 Tiles/Tileset.png using Guid(4b81e27103ffc2b45b1a7341b5f34e46) Importer(815301076,1909f56bfc062723c751e8b465ee728b)  -> (artifact id: '934b32c57a6e5c627492b565379a7ea8') in 0.018661 seconds 
========================================================================
Received Import Request.
  Time since last request: 16.730303 seconds.
  path: Assets/backgroundlvl2/1 Tiles/Tile_58.png
  artifactKey: Guid(5fd5bf50d1cb30d45804a4c1ab9ab047) Importer(815301076,1909f56bfc062723c751e8b465ee728b)
Start importing Assets/backgroundlvl2/1 Tiles/Tile_58.png using Guid(5fd5bf50d1cb30d45804a4c1ab9ab047) Importer(815301076,1909f56bfc062723c751e8b465ee728b)  -> (artifact id: '664fb39660cacdee807bed87b9994540') in 0.014394 seconds 
========================================================================
Received Import Request.
  Time since last request: 0.000019 seconds.
  path: Assets/backgroundlvl2/1 Tiles/Tile_74.png
  artifactKey: Guid(8ea1602bdb8a2cb4aa7cf26a73276261) Importer(815301076,1909f56bfc062723c751e8b465ee728b)
Start importing Assets/backgroundlvl2/1 Tiles/Tile_74.png using Guid(8ea1602bdb8a2cb4aa7cf26a73276261) Importer(815301076,1909f56bfc062723c751e8b465ee728b)  -> (artifact id: 'cd45fd9676b40932f9c63e1826dbf175') in 0.011849 seconds 
========================================================================
Received Import Request.
  Time since last request: 0.000023 seconds.
  path: Assets/backgroundlvl2/1 Tiles/Tile_76.png
  artifactKey: Guid(944efc1de26ef7a47a4ca88a9bb01c72) Importer(815301076,1909f56bfc062723c751e8b465ee728b)
Start importing Assets/backgroundlvl2/1 Tiles/Tile_76.png using Guid(944efc1de26ef7a47a4ca88a9bb01c72) Importer(815301076,1909f56bfc062723c751e8b465ee728b)  -> (artifact id: '1f3d85bc1eab18ca43e346d9dba9fe8b') in 0.012037 seconds 
========================================================================
Received Import Request.
  Time since last request: 0.000022 seconds.
  path: Assets/backgroundlvl2/1 Tiles/Tile_73.png
  artifactKey: Guid(26f75f12675437349a9fd6c66f1688e0) Importer(815301076,1909f56bfc062723c751e8b465ee728b)
Start importing Assets/backgroundlvl2/1 Tiles/Tile_73.png using Guid(26f75f12675437349a9fd6c66f1688e0) Importer(815301076,1909f56bfc062723c751e8b465ee728b)  -> (artifact id: '5939bae0d8f9c22173735d1a72fe9c2b') in 0.011751 seconds 
========================================================================
Received Import Request.
  Time since last request: 0.000028 seconds.
  path: Assets/backgroundlvl2/1 Tiles/Tile_69.png
  artifactKey: Guid(018658b80a09962498766537b286111d) Importer(815301076,1909f56bfc062723c751e8b465ee728b)
Start importing Assets/backgroundlvl2/1 Tiles/Tile_69.png using Guid(018658b80a09962498766537b286111d) Importer(815301076,1909f56bfc062723c751e8b465ee728b)  -> (artifact id: 'ad55859a96ffbd2995d218e7a3d1586e') in 0.015030 seconds 
========================================================================
Received Import Request.
  Time since last request: 0.000025 seconds.
  path: Assets/backgroundlvl2/1 Tiles/Tile_61.png
  artifactKey: Guid(284df10e11421fa4baffc739c9d2254b) Importer(815301076,1909f56bfc062723c751e8b465ee728b)
Start importing Assets/backgroundlvl2/1 Tiles/Tile_61.png using Guid(284df10e11421fa4baffc739c9d2254b) Importer(815301076,1909f56bfc062723c751e8b465ee728b)  -> (artifact id: 'fe4ae2deb97f9ca99e9da903ec5201a6') in 0.011461 seconds 
========================================================================
Received Import Request.
  Time since last request: 0.000043 seconds.
  path: Assets/backgroundlvl2/1 Tiles/Tile_60.png
  artifactKey: Guid(57fbee1ef058072488291c00bf780e19) Importer(815301076,1909f56bfc062723c751e8b465ee728b)
Start importing Assets/backgroundlvl2/1 Tiles/Tile_60.png using Guid(57fbee1ef058072488291c00bf780e19) Importer(815301076,1909f56bfc062723c751e8b465ee728b)  -> (artifact id: '993b4141ecedbf47c3ea002b7edf7188') in 0.010847 seconds 
========================================================================
Received Import Request.
  Time since last request: 0.000023 seconds.
  path: Assets/backgroundlvl2/1 Tiles/Tile_70.png
  artifactKey: Guid(cb361f7bfd872e44ab90cd19705bd1b8) Importer(815301076,1909f56bfc062723c751e8b465ee728b)
Start importing Assets/backgroundlvl2/1 Tiles/Tile_70.png using Guid(cb361f7bfd872e44ab90cd19705bd1b8) Importer(815301076,1909f56bfc062723c751e8b465ee728b)  -> (artifact id: '74685c03c93c785a4eb8a06ec5154b65') in 0.020634 seconds 
========================================================================
Received Import Request.
  Time since last request: 0.000045 seconds.
  path: Assets/backgroundlvl2/1 Tiles/Tile_43.png
  artifactKey: Guid(5b96e4efaa8f38740af6bb50ca1931ac) Importer(815301076,1909f56bfc062723c751e8b465ee728b)
Start importing Assets/backgroundlvl2/1 Tiles/Tile_43.png using Guid(5b96e4efaa8f38740af6bb50ca1931ac) Importer(815301076,1909f56bfc062723c751e8b465ee728b)  -> (artifact id: '55dc99166faa1d45e5036ddf0d0a4d06') in 0.010585 seconds 
========================================================================
Received Import Request.
  Time since last request: 2.164521 seconds.
  path: Assets/backgroundlvl2/1 Tiles/Tile_47.png
  artifactKey: Guid(803ba69fc23c7954082364bc2c07099a) Importer(815301076,1909f56bfc062723c751e8b465ee728b)
Start importing Assets/backgroundlvl2/1 Tiles/Tile_47.png using Guid(803ba69fc23c7954082364bc2c07099a) Importer(815301076,1909f56bfc062723c751e8b465ee728b)  -> (artifact id: '64d3e1b8fd27c0f6ac8831ba82187200') in 0.013480 seconds 
========================================================================
Received Import Request.
  Time since last request: 0.000025 seconds.
  path: Assets/backgroundlvl2/1 Tiles/Tile_53.png
  artifactKey: Guid(6dfcdb2cd647c0140ada7dc1857a4d5b) Importer(815301076,1909f56bfc062723c751e8b465ee728b)
Start importing Assets/backgroundlvl2/1 Tiles/Tile_53.png using Guid(6dfcdb2cd647c0140ada7dc1857a4d5b) Importer(815301076,1909f56bfc062723c751e8b465ee728b)  -> (artifact id: '42b9f2d0f64c37d546574ef024c402d4') in 0.017371 seconds 
========================================================================
Received Import Request.
  Time since last request: 0.000021 seconds.
  path: Assets/backgroundlvl2/1 Tiles/Tile_49.png
  artifactKey: Guid(6760bc9389c316d429fa0cb44f1307b3) Importer(815301076,1909f56bfc062723c751e8b465ee728b)
Start importing Assets/backgroundlvl2/1 Tiles/Tile_49.png using Guid(6760bc9389c316d429fa0cb44f1307b3) Importer(815301076,1909f56bfc062723c751e8b465ee728b)  -> (artifact id: '51dd60b1374c48a24bf334b71285b7f5') in 0.010573 seconds 
========================================================================
Received Import Request.
  Time since last request: 0.000027 seconds.
  path: Assets/backgroundlvl2/1 Tiles/Tile_51.png
  artifactKey: Guid(2d12789ec8578074b9d2a7c784d14169) Importer(815301076,1909f56bfc062723c751e8b465ee728b)
Start importing Assets/backgroundlvl2/1 Tiles/Tile_51.png using Guid(2d12789ec8578074b9d2a7c784d14169) Importer(815301076,1909f56bfc062723c751e8b465ee728b)  -> (artifact id: '0d0b97aed44bd9cca0a9509e1b75d7e4') in 0.014641 seconds 
========================================================================
Received Import Request.
  Time since last request: 0.000020 seconds.
  path: Assets/backgroundlvl2/1 Tiles/Tile_44.png
  artifactKey: Guid(6ea054976ce7cf74ebe44e8b1f8eb87a) Importer(815301076,1909f56bfc062723c751e8b465ee728b)
Start importing Assets/backgroundlvl2/1 Tiles/Tile_44.png using Guid(6ea054976ce7cf74ebe44e8b1f8eb87a) Importer(815301076,1909f56bfc062723c751e8b465ee728b)  -> (artifact id: '00ff2da5005a7a062c63637567836113') in 0.010495 seconds 
========================================================================
Received Import Request.
  Time since last request: 0.000031 seconds.
  path: Assets/backgroundlvl2/1 Tiles/Tile_34.png
  artifactKey: Guid(c2a13c649954bcf4f8f2412a8d216b7a) Importer(815301076,1909f56bfc062723c751e8b465ee728b)
Start importing Assets/backgroundlvl2/1 Tiles/Tile_34.png using Guid(c2a13c649954bcf4f8f2412a8d216b7a) Importer(815301076,1909f56bfc062723c751e8b465ee728b)  -> (artifact id: '9aabe24ecfbba27abd55e80d3c12bac1') in 0.011736 seconds 
========================================================================
Received Import Request.
  Time since last request: 0.000025 seconds.
  path: Assets/backgroundlvl2/1 Tiles/Tile_37.png
  artifactKey: Guid(8847a6c5543a0ac419e1385f072e362c) Importer(815301076,1909f56bfc062723c751e8b465ee728b)
Start importing Assets/backgroundlvl2/1 Tiles/Tile_37.png using Guid(8847a6c5543a0ac419e1385f072e362c) Importer(815301076,1909f56bfc062723c751e8b465ee728b)  -> (artifact id: '0bbd8b62f0d25808d1c1b45482719234') in 0.011044 seconds 
========================================================================
Received Import Request.
  Time since last request: 0.151628 seconds.
  path: Assets/backgroundlvl2/1 Tiles/Tile_25.png
  artifactKey: Guid(e37644b2ee314754887097f444d158ab) Importer(815301076,1909f56bfc062723c751e8b465ee728b)
Start importing Assets/backgroundlvl2/1 Tiles/Tile_25.png using Guid(e37644b2ee314754887097f444d158ab) Importer(815301076,1909f56bfc062723c751e8b465ee728b)  -> (artifact id: 'fd7f2d2b55565b23bc66b599f8cf7cc2') in 0.014605 seconds 
========================================================================
Received Import Request.
  Time since last request: 0.000021 seconds.
  path: Assets/backgroundlvl2/1 Tiles/Tile_32.png
  artifactKey: Guid(b760f91c932292d40919c1021214394d) Importer(815301076,1909f56bfc062723c751e8b465ee728b)
Start importing Assets/backgroundlvl2/1 Tiles/Tile_32.png using Guid(b760f91c932292d40919c1021214394d) Importer(815301076,1909f56bfc062723c751e8b465ee728b)  -> (artifact id: '11f02dbd5005d51dc1fa38868b5fc285') in 0.014210 seconds 
========================================================================
Received Import Request.
  Time since last request: 0.000017 seconds.
  path: Assets/backgroundlvl2/1 Tiles/Tile_26.png
  artifactKey: Guid(c27b10578dbba7a40a7d12d2ce8fe188) Importer(815301076,1909f56bfc062723c751e8b465ee728b)
Start importing Assets/backgroundlvl2/1 Tiles/Tile_26.png using Guid(c27b10578dbba7a40a7d12d2ce8fe188) Importer(815301076,1909f56bfc062723c751e8b465ee728b)  -> (artifact id: 'f505df5a7e243924f0c216c25edeed87') in 0.011174 seconds 
========================================================================
Received Import Request.
  Time since last request: 0.000022 seconds.
  path: Assets/backgroundlvl2/1 Tiles/Tile_27.png
  artifactKey: Guid(68563c0ba9948a042ac2ae5f109b99f2) Importer(815301076,1909f56bfc062723c751e8b465ee728b)
Start importing Assets/backgroundlvl2/1 Tiles/Tile_27.png using Guid(68563c0ba9948a042ac2ae5f109b99f2) Importer(815301076,1909f56bfc062723c751e8b465ee728b)  -> (artifact id: '098b40b9df521655d1a6fcbfb40b361a') in 0.011818 seconds 
========================================================================
Received Import Request.
  Time since last request: 0.000032 seconds.
  path: Assets/backgroundlvl2/1 Tiles/Tile_18.png
  artifactKey: Guid(f30c82fa929c00f40af33abaecc12b5c) Importer(815301076,1909f56bfc062723c751e8b465ee728b)
Start importing Assets/backgroundlvl2/1 Tiles/Tile_18.png using Guid(f30c82fa929c00f40af33abaecc12b5c) Importer(815301076,1909f56bfc062723c751e8b465ee728b)  -> (artifact id: '6bf82ad44d2d310bfdc3723ff3ff07d2') in 0.011348 seconds 
========================================================================
Received Import Request.
  Time since last request: 0.000021 seconds.
  path: Assets/backgroundlvl2/1 Tiles/Tile_15.png
  artifactKey: Guid(a4866856701f97b4089c12fe054d3cff) Importer(815301076,1909f56bfc062723c751e8b465ee728b)
Start importing Assets/backgroundlvl2/1 Tiles/Tile_15.png using Guid(a4866856701f97b4089c12fe054d3cff) Importer(815301076,1909f56bfc062723c751e8b465ee728b)  -> (artifact id: 'dd33ab6659487ec1bb5dbb96baaa8381') in 0.012754 seconds 
========================================================================
Received Import Request.
  Time since last request: 0.000021 seconds.
  path: Assets/backgroundlvl2/1 Tiles/Tile_21.png
  artifactKey: Guid(90ed06bc8865b28448311d808a255d66) Importer(815301076,1909f56bfc062723c751e8b465ee728b)
Start importing Assets/backgroundlvl2/1 Tiles/Tile_21.png using Guid(90ed06bc8865b28448311d808a255d66) Importer(815301076,1909f56bfc062723c751e8b465ee728b)  -> (artifact id: 'ea6c69d49e93f096be50e67cac9a6db0') in 0.011401 seconds 
========================================================================
Received Import Request.
  Time since last request: 0.000026 seconds.
  path: Assets/backgroundlvl2/1 Tiles/Tile_20.png
  artifactKey: Guid(b00feb3ebfd8cf84abab02fd31a74865) Importer(815301076,1909f56bfc062723c751e8b465ee728b)
Start importing Assets/backgroundlvl2/1 Tiles/Tile_20.png using Guid(b00feb3ebfd8cf84abab02fd31a74865) Importer(815301076,1909f56bfc062723c751e8b465ee728b)  -> (artifact id: '6cf73f8963c8e4061148fe467bad990f') in 0.012399 seconds 
========================================================================
Received Import Request.
  Time since last request: 0.307835 seconds.
  path: Assets/backgroundlvl2/1 Tiles/Tile_03.png
  artifactKey: Guid(7159f1d68dca86147a4309e48a051af1) Importer(815301076,1909f56bfc062723c751e8b465ee728b)
Start importing Assets/backgroundlvl2/1 Tiles/Tile_03.png using Guid(7159f1d68dca86147a4309e48a051af1) Importer(815301076,1909f56bfc062723c751e8b465ee728b)  -> (artifact id: '8c0d9c526cc6d3c56486936707b9eeb2') in 0.012459 seconds 
========================================================================
Received Import Request.
  Time since last request: 0.000025 seconds.
  path: Assets/backgroundlvl2/1 Tiles/Tile_04.png
  artifactKey: Guid(a9f33a53b94e84c43b2d6e47b3d45aa4) Importer(815301076,1909f56bfc062723c751e8b465ee728b)
Start importing Assets/backgroundlvl2/1 Tiles/Tile_04.png using Guid(a9f33a53b94e84c43b2d6e47b3d45aa4) Importer(815301076,1909f56bfc062723c751e8b465ee728b)  -> (artifact id: '9c4596ce40fead82fd119c889bed1bda') in 0.011547 seconds 
========================================================================
Received Import Request.
  Time since last request: 0.000019 seconds.
  path: Assets/backgroundlvl2/1 Tiles/Tile_08.png
  artifactKey: Guid(5b6c2294dc7908a4dbca824bdb263e12) Importer(815301076,1909f56bfc062723c751e8b465ee728b)
Start importing Assets/backgroundlvl2/1 Tiles/Tile_08.png using Guid(5b6c2294dc7908a4dbca824bdb263e12) Importer(815301076,1909f56bfc062723c751e8b465ee728b)  -> (artifact id: 'cdc8540a7016049f1cc72a2499512cf4') in 0.012049 seconds 
========================================================================
Received Import Request.
  Time since last request: 0.000020 seconds.
  path: Assets/backgroundlvl2/1 Tiles/Tile_05.png
  artifactKey: Guid(ac170ec0f4b1b674da27369c9b7c1275) Importer(815301076,1909f56bfc062723c751e8b465ee728b)
Start importing Assets/backgroundlvl2/1 Tiles/Tile_05.png using Guid(ac170ec0f4b1b674da27369c9b7c1275) Importer(815301076,1909f56bfc062723c751e8b465ee728b)  -> (artifact id: '0b4e5569d07ce3c3e6ad188260cd01c5') in 0.011824 seconds 
========================================================================
Received Import Request.
  Time since last request: 116.880824 seconds.
  path: Assets/backgroundlvl2/1 Tiles/Tile_02.png
  artifactKey: Guid(40782118d7bd07b4cb73661ee6b53dcc) Importer(815301076,1909f56bfc062723c751e8b465ee728b)
Start importing Assets/backgroundlvl2/1 Tiles/Tile_02.png using Guid(40782118d7bd07b4cb73661ee6b53dcc) Importer(815301076,1909f56bfc062723c751e8b465ee728b)  -> (artifact id: 'ec2e1ad1dfacd1f1d1749bb125be711a') in 0.012944 seconds 
========================================================================
Received Import Request.
  Time since last request: 0.000024 seconds.
  path: Assets/backgroundlvl2/1 Tiles/Tile_18.png
  artifactKey: Guid(f30c82fa929c00f40af33abaecc12b5c) Importer(815301076,1909f56bfc062723c751e8b465ee728b)
Start importing Assets/backgroundlvl2/1 Tiles/Tile_18.png using Guid(f30c82fa929c00f40af33abaecc12b5c) Importer(815301076,1909f56bfc062723c751e8b465ee728b)  -> (artifact id: 'b4b9c5b8de9e57e75daccd5713f84aa1') in 0.012122 seconds 
========================================================================
Received Import Request.
  Time since last request: 0.000019 seconds.
  path: Assets/backgroundlvl2/1 Tiles/Tile_22.png
  artifactKey: Guid(183e8804c8e39f94a8428c3b1ba0b763) Importer(815301076,1909f56bfc062723c751e8b465ee728b)
Start importing Assets/backgroundlvl2/1 Tiles/Tile_22.png using Guid(183e8804c8e39f94a8428c3b1ba0b763) Importer(815301076,1909f56bfc062723c751e8b465ee728b)  -> (artifact id: '1411a5917bf9aea15d7d3022b926d0f8') in 0.015101 seconds 
========================================================================
Received Import Request.
  Time since last request: 0.000023 seconds.
  path: Assets/backgroundlvl2/1 Tiles/Tile_10.png
  artifactKey: Guid(9ff813d8ff8b3b44cae6f6e091289fa7) Importer(815301076,1909f56bfc062723c751e8b465ee728b)
Start importing Assets/backgroundlvl2/1 Tiles/Tile_10.png using Guid(9ff813d8ff8b3b44cae6f6e091289fa7) Importer(815301076,1909f56bfc062723c751e8b465ee728b)  -> (artifact id: 'e2254e16876ef953b39eb782b6828951') in 0.011710 seconds 
========================================================================
Received Import Request.
  Time since last request: 0.000017 seconds.
  path: Assets/backgroundlvl2/1 Tiles/Tile_32.png
  artifactKey: Guid(b760f91c932292d40919c1021214394d) Importer(815301076,1909f56bfc062723c751e8b465ee728b)
Start importing Assets/backgroundlvl2/1 Tiles/Tile_32.png using Guid(b760f91c932292d40919c1021214394d) Importer(815301076,1909f56bfc062723c751e8b465ee728b)  -> (artifact id: 'c4c0230a9fd74f887cee0f1567edbc04') in 0.014800 seconds 
========================================================================
Received Import Request.
  Time since last request: 0.000018 seconds.
  path: Assets/backgroundlvl2/1 Tiles/Tile_29.png
  artifactKey: Guid(25a7f6c303e82f943a0d7e5125092537) Importer(815301076,1909f56bfc062723c751e8b465ee728b)
Start importing Assets/backgroundlvl2/1 Tiles/Tile_29.png using Guid(25a7f6c303e82f943a0d7e5125092537) Importer(815301076,1909f56bfc062723c751e8b465ee728b)  -> (artifact id: '66f91352bbc48e4dfda9435d9de2c497') in 0.011374 seconds 
========================================================================
Received Import Request.
  Time since last request: 0.000020 seconds.
  path: Assets/backgroundlvl2/1 Tiles/Tile_44.png
  artifactKey: Guid(6ea054976ce7cf74ebe44e8b1f8eb87a) Importer(815301076,1909f56bfc062723c751e8b465ee728b)
Start importing Assets/backgroundlvl2/1 Tiles/Tile_44.png using Guid(6ea054976ce7cf74ebe44e8b1f8eb87a) Importer(815301076,1909f56bfc062723c751e8b465ee728b)  -> (artifact id: '565e8ca7e56cfb66f64558363ab30073') in 0.012948 seconds 
========================================================================
Received Import Request.
  Time since last request: 0.000024 seconds.
  path: Assets/backgroundlvl2/1 Tiles/Tile_26.png
  artifactKey: Guid(c27b10578dbba7a40a7d12d2ce8fe188) Importer(815301076,1909f56bfc062723c751e8b465ee728b)
Start importing Assets/backgroundlvl2/1 Tiles/Tile_26.png using Guid(c27b10578dbba7a40a7d12d2ce8fe188) Importer(815301076,1909f56bfc062723c751e8b465ee728b)  -> (artifact id: '93ddc44472d17573381255f84f4e4305') in 0.016183 seconds 
========================================================================
Received Import Request.
  Time since last request: 0.000025 seconds.
  path: Assets/backgroundlvl2/1 Tiles/Tile_34.png
  artifactKey: Guid(c2a13c649954bcf4f8f2412a8d216b7a) Importer(815301076,1909f56bfc062723c751e8b465ee728b)
Start importing Assets/backgroundlvl2/1 Tiles/Tile_34.png using Guid(c2a13c649954bcf4f8f2412a8d216b7a) Importer(815301076,1909f56bfc062723c751e8b465ee728b)  -> (artifact id: 'ffb3d4be0956f30023955aeadaffc246') in 0.011569 seconds 
========================================================================
Received Import Request.
  Time since last request: 0.000027 seconds.
  path: Assets/backgroundlvl2/1 Tiles/Tile_06.png
  artifactKey: Guid(0215af71bb527ec46a5ccc0e6ef3670e) Importer(815301076,1909f56bfc062723c751e8b465ee728b)
Start importing Assets/backgroundlvl2/1 Tiles/Tile_06.png using Guid(0215af71bb527ec46a5ccc0e6ef3670e) Importer(815301076,1909f56bfc062723c751e8b465ee728b)  -> (artifact id: '7981cf925b2480c3422d0617ba97c7b6') in 0.015701 seconds 
========================================================================
Received Import Request.
  Time since last request: 0.000030 seconds.
  path: Assets/backgroundlvl2/1 Tiles/Tile_13.png
  artifactKey: Guid(302348dc938fe8e439019aaf80fc69cf) Importer(815301076,1909f56bfc062723c751e8b465ee728b)
Start importing Assets/backgroundlvl2/1 Tiles/Tile_13.png using Guid(302348dc938fe8e439019aaf80fc69cf) Importer(815301076,1909f56bfc062723c751e8b465ee728b)  -> (artifact id: 'b3425850f0b2c404f2d4c45589b6260e') in 0.011311 seconds 
========================================================================
Received Import Request.
  Time since last request: 0.000020 seconds.
  path: Assets/backgroundlvl2/1 Tiles/Tile_09.png
  artifactKey: Guid(49d2c41f625d9204daecc2259ceae101) Importer(815301076,1909f56bfc062723c751e8b465ee728b)
Start importing Assets/backgroundlvl2/1 Tiles/Tile_09.png using Guid(49d2c41f625d9204daecc2259ceae101) Importer(815301076,1909f56bfc062723c751e8b465ee728b)  -> (artifact id: '8eab02713d31b6d4f0ac55bcdba8d0c5') in 0.016891 seconds 
========================================================================
Received Import Request.
  Time since last request: 0.000018 seconds.
  path: Assets/backgroundlvl2/1 Tiles/Tile_21.png
  artifactKey: Guid(90ed06bc8865b28448311d808a255d66) Importer(815301076,1909f56bfc062723c751e8b465ee728b)
Start importing Assets/backgroundlvl2/1 Tiles/Tile_21.png using Guid(90ed06bc8865b28448311d808a255d66) Importer(815301076,1909f56bfc062723c751e8b465ee728b)  -> (artifact id: '3a2c748cad12b436bf3bfdffd2df4b43') in 0.010286 seconds 
========================================================================
Received Import Request.
  Time since last request: 0.000017 seconds.
  path: Assets/backgroundlvl2/1 Tiles/Tile_24.png
  artifactKey: Guid(0ebda4b35a9308e4194e1a40b93a68dd) Importer(815301076,1909f56bfc062723c751e8b465ee728b)
Start importing Assets/backgroundlvl2/1 Tiles/Tile_24.png using Guid(0ebda4b35a9308e4194e1a40b93a68dd) Importer(815301076,1909f56bfc062723c751e8b465ee728b)  -> (artifact id: 'be374a940b92ddac0a03c7c1ea057d1f') in 0.013652 seconds 
========================================================================
Received Import Request.
  Time since last request: 0.000019 seconds.
  path: Assets/backgroundlvl2/1 Tiles/Tile_41.png
  artifactKey: Guid(4ca4dbd617a3c2440993299564134f68) Importer(815301076,1909f56bfc062723c751e8b465ee728b)
Start importing Assets/backgroundlvl2/1 Tiles/Tile_41.png using Guid(4ca4dbd617a3c2440993299564134f68) Importer(815301076,1909f56bfc062723c751e8b465ee728b)  -> (artifact id: 'bcaf8de88a17ada8da180d6f546b5558') in 0.011411 seconds 
========================================================================
Received Import Request.
  Time since last request: 0.000021 seconds.
  path: Assets/backgroundlvl2/1 Tiles/Tile_23.png
  artifactKey: Guid(eb6a35847558c2b498dab9995c6a26fe) Importer(815301076,1909f56bfc062723c751e8b465ee728b)
Start importing Assets/backgroundlvl2/1 Tiles/Tile_23.png using Guid(eb6a35847558c2b498dab9995c6a26fe) Importer(815301076,1909f56bfc062723c751e8b465ee728b)  -> (artifact id: '7a801c0d7f83fe15d6d4587ebc1b2919') in 0.011906 seconds 
========================================================================
Received Import Request.
  Time since last request: 0.000027 seconds.
  path: Assets/backgroundlvl2/1 Tiles/Tile_17.png
  artifactKey: Guid(70575f03b984d584cb94d95a9c7fe4b9) Importer(815301076,1909f56bfc062723c751e8b465ee728b)
Start importing Assets/backgroundlvl2/1 Tiles/Tile_17.png using Guid(70575f03b984d584cb94d95a9c7fe4b9) Importer(815301076,1909f56bfc062723c751e8b465ee728b)  -> (artifact id: '1b47c9571dd05fe802b361a3dfc9401a') in 0.013258 seconds 
========================================================================
Received Import Request.
  Time since last request: 0.000019 seconds.
  path: Assets/backgroundlvl2/1 Tiles/Tile_37.png
  artifactKey: Guid(8847a6c5543a0ac419e1385f072e362c) Importer(815301076,1909f56bfc062723c751e8b465ee728b)
Start importing Assets/backgroundlvl2/1 Tiles/Tile_37.png using Guid(8847a6c5543a0ac419e1385f072e362c) Importer(815301076,1909f56bfc062723c751e8b465ee728b)  -> (artifact id: '8d3ce20ee9f1696b604f84d4779fbf34') in 0.011185 seconds 
========================================================================
Received Import Request.
  Time since last request: 0.000026 seconds.
  path: Assets/backgroundlvl2/1 Tiles/Tile_36.png
  artifactKey: Guid(2bf48f8b706fe4b44adc7ba149cdab64) Importer(815301076,1909f56bfc062723c751e8b465ee728b)
Start importing Assets/backgroundlvl2/1 Tiles/Tile_36.png using Guid(2bf48f8b706fe4b44adc7ba149cdab64) Importer(815301076,1909f56bfc062723c751e8b465ee728b)  -> (artifact id: '09a8f03e39c34c23802c7ce404aef8c5') in 0.011068 seconds 
========================================================================
Received Import Request.
  Time since last request: 0.000019 seconds.
  path: Assets/backgroundlvl2/1 Tiles/Tile_27.png
  artifactKey: Guid(68563c0ba9948a042ac2ae5f109b99f2) Importer(815301076,1909f56bfc062723c751e8b465ee728b)
Start importing Assets/backgroundlvl2/1 Tiles/Tile_27.png using Guid(68563c0ba9948a042ac2ae5f109b99f2) Importer(815301076,1909f56bfc062723c751e8b465ee728b)  -> (artifact id: '9f0cc3de640adca183208006cb1853b6') in 0.010143 seconds 
========================================================================
Received Import Request.
  Time since last request: 0.000018 seconds.
  path: Assets/backgroundlvl2/1 Tiles/Tile_07.png
  artifactKey: Guid(8341ff8e6cb82b147b477d305eb1c98b) Importer(815301076,1909f56bfc062723c751e8b465ee728b)
Start importing Assets/backgroundlvl2/1 Tiles/Tile_07.png using Guid(8341ff8e6cb82b147b477d305eb1c98b) Importer(815301076,1909f56bfc062723c751e8b465ee728b)  -> (artifact id: '3b2dfd47114e6945574f109f00bfea78') in 0.012185 seconds 
========================================================================
Received Import Request.
  Time since last request: 0.000023 seconds.
  path: Assets/backgroundlvl2/1 Tiles/Tile_38.png
  artifactKey: Guid(375a69f38002dbd41bbadb56f51cfaf8) Importer(815301076,1909f56bfc062723c751e8b465ee728b)
Start importing Assets/backgroundlvl2/1 Tiles/Tile_38.png using Guid(375a69f38002dbd41bbadb56f51cfaf8) Importer(815301076,1909f56bfc062723c751e8b465ee728b)  -> (artifact id: 'ac75c3acab8858e363a64efe8145b031') in 0.011650 seconds 
========================================================================
Received Import Request.
  Time since last request: 7.958424 seconds.
  path: Assets/backgroundlvl2/1 Tiles/Tile_03.png
  artifactKey: Guid(7159f1d68dca86147a4309e48a051af1) Importer(815301076,1909f56bfc062723c751e8b465ee728b)
Start importing Assets/backgroundlvl2/1 Tiles/Tile_03.png using Guid(7159f1d68dca86147a4309e48a051af1) Importer(815301076,1909f56bfc062723c751e8b465ee728b)  -> (artifact id: '77ff6987d6952d2ebf90e4be9a97cf71') in 0.017197 seconds 
========================================================================
Received Import Request.
  Time since last request: 0.000021 seconds.
  path: Assets/backgroundlvl2/1 Tiles/Tile_18.png
  artifactKey: Guid(f30c82fa929c00f40af33abaecc12b5c) Importer(815301076,1909f56bfc062723c751e8b465ee728b)
Start importing Assets/backgroundlvl2/1 Tiles/Tile_18.png using Guid(f30c82fa929c00f40af33abaecc12b5c) Importer(815301076,1909f56bfc062723c751e8b465ee728b)  -> (artifact id: '9838756d9b4c83f8b6539c295249df05') in 0.013900 seconds 
========================================================================
Received Import Request.
  Time since last request: 0.000027 seconds.
  path: Assets/backgroundlvl2/1 Tiles/Tile_10.png
  artifactKey: Guid(9ff813d8ff8b3b44cae6f6e091289fa7) Importer(815301076,1909f56bfc062723c751e8b465ee728b)
Start importing Assets/backgroundlvl2/1 Tiles/Tile_10.png using Guid(9ff813d8ff8b3b44cae6f6e091289fa7) Importer(815301076,1909f56bfc062723c751e8b465ee728b)  -> (artifact id: 'fd873601d9c0fb7e0b93d6f4b1f56562') in 0.010552 seconds 
========================================================================
Received Import Request.
  Time since last request: 0.000027 seconds.
  path: Assets/backgroundlvl2/1 Tiles/Tile_32.png
  artifactKey: Guid(b760f91c932292d40919c1021214394d) Importer(815301076,1909f56bfc062723c751e8b465ee728b)
Start importing Assets/backgroundlvl2/1 Tiles/Tile_32.png using Guid(b760f91c932292d40919c1021214394d) Importer(815301076,1909f56bfc062723c751e8b465ee728b)  -> (artifact id: 'd4efc2d3d214b28fcde1b7ac700b8463') in 0.013407 seconds 
========================================================================
Received Import Request.
  Time since last request: 0.000021 seconds.
  path: Assets/backgroundlvl2/1 Tiles/Tile_44.png
  artifactKey: Guid(6ea054976ce7cf74ebe44e8b1f8eb87a) Importer(815301076,1909f56bfc062723c751e8b465ee728b)
Start importing Assets/backgroundlvl2/1 Tiles/Tile_44.png using Guid(6ea054976ce7cf74ebe44e8b1f8eb87a) Importer(815301076,1909f56bfc062723c751e8b465ee728b)  -> (artifact id: '83bfb51a3927c90a311f2a181465349c') in 0.012480 seconds 
========================================================================
Received Import Request.
  Time since last request: 0.000017 seconds.
  path: Assets/backgroundlvl2/1 Tiles/Tile_35.png
  artifactKey: Guid(05d88f26ced9ae74685a44bbd617fe2b) Importer(815301076,1909f56bfc062723c751e8b465ee728b)
Start importing Assets/backgroundlvl2/1 Tiles/Tile_35.png using Guid(05d88f26ced9ae74685a44bbd617fe2b) Importer(815301076,1909f56bfc062723c751e8b465ee728b)  -> (artifact id: '2621f07f3b9b6e408ca728ed31d4d29c') in 0.010952 seconds 
========================================================================
Received Import Request.
  Time since last request: 0.000020 seconds.
  path: Assets/backgroundlvl2/1 Tiles/Tile_16.png
  artifactKey: Guid(2e868c303bb883a45bd79646cf1c3b3b) Importer(815301076,1909f56bfc062723c751e8b465ee728b)
Start importing Assets/backgroundlvl2/1 Tiles/Tile_16.png using Guid(2e868c303bb883a45bd79646cf1c3b3b) Importer(815301076,1909f56bfc062723c751e8b465ee728b)  -> (artifact id: '80914d767002048f9f37249c442d2272') in 0.025311 seconds 
========================================================================
Received Import Request.
  Time since last request: 0.000018 seconds.
  path: Assets/backgroundlvl2/1 Tiles/Tile_13.png
  artifactKey: Guid(302348dc938fe8e439019aaf80fc69cf) Importer(815301076,1909f56bfc062723c751e8b465ee728b)
Start importing Assets/backgroundlvl2/1 Tiles/Tile_13.png using Guid(302348dc938fe8e439019aaf80fc69cf) Importer(815301076,1909f56bfc062723c751e8b465ee728b)  -> (artifact id: '801ddaf45babd9cffd4abcf252e6aabe') in 0.010379 seconds 
========================================================================
Received Import Request.
  Time since last request: 0.000024 seconds.
  path: Assets/backgroundlvl2/1 Tiles/Tile_39.png
  artifactKey: Guid(aa4f8f965fbfb7e40b9a089ea1a2b4be) Importer(815301076,1909f56bfc062723c751e8b465ee728b)
Start importing Assets/backgroundlvl2/1 Tiles/Tile_39.png using Guid(aa4f8f965fbfb7e40b9a089ea1a2b4be) Importer(815301076,1909f56bfc062723c751e8b465ee728b)  -> (artifact id: '741ae36bb5f58f155c208204f236ce7e') in 0.015431 seconds 
========================================================================
Received Import Request.
  Time since last request: 0.000023 seconds.
  path: Assets/backgroundlvl2/1 Tiles/Tile_24.png
  artifactKey: Guid(0ebda4b35a9308e4194e1a40b93a68dd) Importer(815301076,1909f56bfc062723c751e8b465ee728b)
Start importing Assets/backgroundlvl2/1 Tiles/Tile_24.png using Guid(0ebda4b35a9308e4194e1a40b93a68dd) Importer(815301076,1909f56bfc062723c751e8b465ee728b)  -> (artifact id: 'dff4bdad4176448c718a5520e5fa615c') in 0.011361 seconds 
========================================================================
Received Import Request.
  Time since last request: 0.000023 seconds.
  path: Assets/backgroundlvl2/1 Tiles/Tile_11.png
  artifactKey: Guid(f268de14295fd4247b9be65ab9d06aa8) Importer(815301076,1909f56bfc062723c751e8b465ee728b)
Start importing Assets/backgroundlvl2/1 Tiles/Tile_11.png using Guid(f268de14295fd4247b9be65ab9d06aa8) Importer(815301076,1909f56bfc062723c751e8b465ee728b)  -> (artifact id: '9393591f5c60a92da1717ad4bbbd71b1') in 0.017511 seconds 
========================================================================
Received Import Request.
  Time since last request: 0.000022 seconds.
  path: Assets/backgroundlvl2/1 Tiles/Tile_37.png
  artifactKey: Guid(8847a6c5543a0ac419e1385f072e362c) Importer(815301076,1909f56bfc062723c751e8b465ee728b)
Start importing Assets/backgroundlvl2/1 Tiles/Tile_37.png using Guid(8847a6c5543a0ac419e1385f072e362c) Importer(815301076,1909f56bfc062723c751e8b465ee728b)  -> (artifact id: '46c570a4d9411de1d14cb5f2eedb0f98') in 0.012155 seconds 
========================================================================
Received Import Request.
  Time since last request: 0.000021 seconds.
  path: Assets/backgroundlvl2/1 Tiles/Tile_20.png
  artifactKey: Guid(b00feb3ebfd8cf84abab02fd31a74865) Importer(815301076,1909f56bfc062723c751e8b465ee728b)
Start importing Assets/backgroundlvl2/1 Tiles/Tile_20.png using Guid(b00feb3ebfd8cf84abab02fd31a74865) Importer(815301076,1909f56bfc062723c751e8b465ee728b)  -> (artifact id: '941cd8d302570d1e2ab053f277702ce1') in 0.011410 seconds 
========================================================================
Received Import Request.
  Time since last request: 0.000028 seconds.
  path: Assets/backgroundlvl2/1 Tiles/Tile_07.png
  artifactKey: Guid(8341ff8e6cb82b147b477d305eb1c98b) Importer(815301076,1909f56bfc062723c751e8b465ee728b)
Start importing Assets/backgroundlvl2/1 Tiles/Tile_07.png using Guid(8341ff8e6cb82b147b477d305eb1c98b) Importer(815301076,1909f56bfc062723c751e8b465ee728b)  -> (artifact id: '44894df97d99309a5b6c83fd5584cb9f') in 0.012986 seconds 
========================================================================
Received Import Request.
  Time since last request: 0.000029 seconds.
  path: Assets/backgroundlvl2/1 Tiles/Tile_38.png
  artifactKey: Guid(375a69f38002dbd41bbadb56f51cfaf8) Importer(815301076,1909f56bfc062723c751e8b465ee728b)
Start importing Assets/backgroundlvl2/1 Tiles/Tile_38.png using Guid(375a69f38002dbd41bbadb56f51cfaf8) Importer(815301076,1909f56bfc062723c751e8b465ee728b)  -> (artifact id: 'baa53fdbd03b2e24728a0c147e8fb760') in 0.010019 seconds 
========================================================================
Received Import Request.
  Time since last request: 686.117002 seconds.
  path: Assets/backgroundlvl2/1 Tiles/Tile_47.png
  artifactKey: Guid(803ba69fc23c7954082364bc2c07099a) Importer(815301076,1909f56bfc062723c751e8b465ee728b)
Start importing Assets/backgroundlvl2/1 Tiles/Tile_47.png using Guid(803ba69fc23c7954082364bc2c07099a) Importer(815301076,1909f56bfc062723c751e8b465ee728b)  -> (artifact id: 'd6e7e6b1a76198d61667f39b78fbd17f') in 0.013170 seconds 
========================================================================
Received Import Request.
  Time since last request: 0.000042 seconds.
  path: Assets/backgroundlvl2/1 Tiles/Tile_53.png
  artifactKey: Guid(6dfcdb2cd647c0140ada7dc1857a4d5b) Importer(815301076,1909f56bfc062723c751e8b465ee728b)
Start importing Assets/backgroundlvl2/1 Tiles/Tile_53.png using Guid(6dfcdb2cd647c0140ada7dc1857a4d5b) Importer(815301076,1909f56bfc062723c751e8b465ee728b)  -> (artifact id: '659dbd839c521aa07c1b58adc3bf1745') in 0.012923 seconds 
========================================================================
Received Import Request.
  Time since last request: 0.000023 seconds.
  path: Assets/backgroundlvl2/1 Tiles/Tile_50.png
  artifactKey: Guid(95d9d9ebad3f7764d81df03eddfaba26) Importer(815301076,1909f56bfc062723c751e8b465ee728b)
Start importing Assets/backgroundlvl2/1 Tiles/Tile_50.png using Guid(95d9d9ebad3f7764d81df03eddfaba26) Importer(815301076,1909f56bfc062723c751e8b465ee728b)  -> (artifact id: '65908243c9ab8f6b5c509faefe349fd9') in 0.011000 seconds 
========================================================================
Received Import Request.
  Time since last request: 0.000046 seconds.
  path: Assets/backgroundlvl2/1 Tiles/Tile_57.png
  artifactKey: Guid(9a3620d36b081084eb9deb81ba1e752f) Importer(815301076,1909f56bfc062723c751e8b465ee728b)
Start importing Assets/backgroundlvl2/1 Tiles/Tile_57.png using Guid(9a3620d36b081084eb9deb81ba1e752f) Importer(815301076,1909f56bfc062723c751e8b465ee728b)  -> (artifact id: '53525d8106bee29bc01ce2e3c36dff1b') in 0.011691 seconds 
========================================================================
Received Import Request.
  Time since last request: 0.000023 seconds.
  path: Assets/backgroundlvl2/1 Tiles/Tile_62.png
  artifactKey: Guid(0663eaedcd9a46c44bf0bec9a8385552) Importer(815301076,1909f56bfc062723c751e8b465ee728b)
Start importing Assets/backgroundlvl2/1 Tiles/Tile_62.png using Guid(0663eaedcd9a46c44bf0bec9a8385552) Importer(815301076,1909f56bfc062723c751e8b465ee728b)  -> (artifact id: 'b7a2108b4a91d439ce2538ae88718632') in 0.010791 seconds 
========================================================================
Received Import Request.
  Time since last request: 0.000020 seconds.
  path: Assets/backgroundlvl2/1 Tiles/Tile_61.png
  artifactKey: Guid(284df10e11421fa4baffc739c9d2254b) Importer(815301076,1909f56bfc062723c751e8b465ee728b)
Start importing Assets/backgroundlvl2/1 Tiles/Tile_61.png using Guid(284df10e11421fa4baffc739c9d2254b) Importer(815301076,1909f56bfc062723c751e8b465ee728b)  -> (artifact id: '980462c02c6201deb7cf22870735f446') in 0.011141 seconds 
========================================================================
Received Import Request.
  Time since last request: 0.000021 seconds.
  path: Assets/backgroundlvl2/1 Tiles/Tile_67.png
  artifactKey: Guid(3aab67828c4d0444a8a096f3627f5ba1) Importer(815301076,1909f56bfc062723c751e8b465ee728b)
Start importing Assets/backgroundlvl2/1 Tiles/Tile_67.png using Guid(3aab67828c4d0444a8a096f3627f5ba1) Importer(815301076,1909f56bfc062723c751e8b465ee728b)  -> (artifact id: '65d3b4f3875e3af4cbe8638c14e66e22') in 0.011063 seconds 
========================================================================
Received Import Request.
  Time since last request: 0.000029 seconds.
  path: Assets/backgroundlvl2/1 Tiles/Tile_49.png
  artifactKey: Guid(6760bc9389c316d429fa0cb44f1307b3) Importer(815301076,1909f56bfc062723c751e8b465ee728b)
Start importing Assets/backgroundlvl2/1 Tiles/Tile_49.png using Guid(6760bc9389c316d429fa0cb44f1307b3) Importer(815301076,1909f56bfc062723c751e8b465ee728b)  -> (artifact id: 'f579a5d24facaf3af6143e531bf372ac') in 0.009895 seconds 
========================================================================
Received Import Request.
  Time since last request: 0.000030 seconds.
  path: Assets/backgroundlvl2/1 Tiles/Tile_59.png
  artifactKey: Guid(d1ee1b7e44a3cbf4598e59a26a550524) Importer(815301076,1909f56bfc062723c751e8b465ee728b)
Start importing Assets/backgroundlvl2/1 Tiles/Tile_59.png using Guid(d1ee1b7e44a3cbf4598e59a26a550524) Importer(815301076,1909f56bfc062723c751e8b465ee728b)  -> (artifact id: 'e404f8f64686142e689deb5067e9dc93') in 0.012157 seconds 
========================================================================
Received Import Request.
  Time since last request: 0.000021 seconds.
  path: Assets/backgroundlvl2/1 Tiles/Tile_58.png
  artifactKey: Guid(5fd5bf50d1cb30d45804a4c1ab9ab047) Importer(815301076,1909f56bfc062723c751e8b465ee728b)
Start importing Assets/backgroundlvl2/1 Tiles/Tile_58.png using Guid(5fd5bf50d1cb30d45804a4c1ab9ab047) Importer(815301076,1909f56bfc062723c751e8b465ee728b)  -> (artifact id: 'ef08a290e746f2502f101e03a50dad8d') in 0.012025 seconds 
========================================================================
Received Import Request.
  Time since last request: 0.000029 seconds.
  path: Assets/backgroundlvl2/1 Tiles/Tile_51.png
  artifactKey: Guid(2d12789ec8578074b9d2a7c784d14169) Importer(815301076,1909f56bfc062723c751e8b465ee728b)
Start importing Assets/backgroundlvl2/1 Tiles/Tile_51.png using Guid(2d12789ec8578074b9d2a7c784d14169) Importer(815301076,1909f56bfc062723c751e8b465ee728b)  -> (artifact id: '514a0dc6788016fdc372f86aa8fca478') in 0.012732 seconds 
========================================================================
Received Import Request.
  Time since last request: 0.214739 seconds.
  path: Assets/backgroundlvl2/1 Tiles/Tile_69.png
  artifactKey: Guid(018658b80a09962498766537b286111d) Importer(815301076,1909f56bfc062723c751e8b465ee728b)
Start importing Assets/backgroundlvl2/1 Tiles/Tile_69.png using Guid(018658b80a09962498766537b286111d) Importer(815301076,1909f56bfc062723c751e8b465ee728b)  -> (artifact id: '2952122ae1802feb96009688b32bec2c') in 0.014632 seconds 
========================================================================
Received Import Request.
  Time since last request: 0.000020 seconds.
  path: Assets/backgroundlvl2/1 Tiles/Tile_71.png
  artifactKey: Guid(0dc19460df7867849bb9dc10ab3fc6f2) Importer(815301076,1909f56bfc062723c751e8b465ee728b)
Start importing Assets/backgroundlvl2/1 Tiles/Tile_71.png using Guid(0dc19460df7867849bb9dc10ab3fc6f2) Importer(815301076,1909f56bfc062723c751e8b465ee728b)  -> (artifact id: 'd0de5fbbd3ba9ed3c879a6038942a7d1') in 0.010144 seconds 
========================================================================
Received Import Request.
  Time since last request: 0.000023 seconds.
  path: Assets/backgroundlvl2/1 Tiles/Tile_74.png
  artifactKey: Guid(8ea1602bdb8a2cb4aa7cf26a73276261) Importer(815301076,1909f56bfc062723c751e8b465ee728b)
Start importing Assets/backgroundlvl2/1 Tiles/Tile_74.png using Guid(8ea1602bdb8a2cb4aa7cf26a73276261) Importer(815301076,1909f56bfc062723c751e8b465ee728b)  -> (artifact id: 'aa08004256f36e2e83a051a602d83188') in 0.010567 seconds 
========================================================================
Received Import Request.
  Time since last request: 0.000024 seconds.
  path: Assets/backgroundlvl2/1 Tiles/Tile_72.png
  artifactKey: Guid(82c235cb8ce330145afa01999d530ae4) Importer(815301076,1909f56bfc062723c751e8b465ee728b)
Start importing Assets/backgroundlvl2/1 Tiles/Tile_72.png using Guid(82c235cb8ce330145afa01999d530ae4) Importer(815301076,1909f56bfc062723c751e8b465ee728b)  -> (artifact id: '9224f2a062a82a6365af195ef78738ea') in 0.013375 seconds 
========================================================================
Received Import Request.
  Time since last request: 0.000027 seconds.
  path: Assets/backgroundlvl2/1 Tiles/Tile_81.png
  artifactKey: Guid(3ce68a0ce1948774db01a5411b0a3f9f) Importer(815301076,1909f56bfc062723c751e8b465ee728b)
Start importing Assets/backgroundlvl2/1 Tiles/Tile_81.png using Guid(3ce68a0ce1948774db01a5411b0a3f9f) Importer(815301076,1909f56bfc062723c751e8b465ee728b)  -> (artifact id: '0136855003677bece78d276fe0dcd898') in 0.011617 seconds 
========================================================================
Received Import Request.
  Time since last request: 0.000024 seconds.
  path: Assets/backgroundlvl2/1 Tiles/Tile_79.png
  artifactKey: Guid(7c12385b8116d7d4e97792c33d83d5a6) Importer(815301076,1909f56bfc062723c751e8b465ee728b)
Start importing Assets/backgroundlvl2/1 Tiles/Tile_79.png using Guid(7c12385b8116d7d4e97792c33d83d5a6) Importer(815301076,1909f56bfc062723c751e8b465ee728b)  -> (artifact id: '63e3b2a417b4a11119c91186d2e6bd50') in 0.009944 seconds 
========================================================================
Received Import Request.
  Time since last request: 0.000017 seconds.
  path: Assets/backgroundlvl2/1 Tiles/Tile_78.png
  artifactKey: Guid(92dca70219a9f6342b52738f9016a370) Importer(815301076,1909f56bfc062723c751e8b465ee728b)
Start importing Assets/backgroundlvl2/1 Tiles/Tile_78.png using Guid(92dca70219a9f6342b52738f9016a370) Importer(815301076,1909f56bfc062723c751e8b465ee728b)  -> (artifact id: 'f16f6d2362358695958cd88c25778fa8') in 0.010452 seconds 
Editor requested this worker to shutdown with reason: Scaling down because of idle timeout
AssetImportWorker is now disconnected from the server
Process exiting
Exiting without the bug reporter. Application will terminate with return code 0