Using pre-set license
Built from '2021.3/staging' branch; Version is '2021.3.11f1 (0a5ca18544bf) revision 679073'; Using compiler version '192829333'; Build Type 'Release'
OS: 'Windows 10  (10.0.19045) 64bit Professional' Language: 'ru' Physical Memory: 15715 MB
BatchMode: 1, IsHumanControllingUs: 0, StartBugReporterOnCrash: 0, Is64bit: 1, IsPro: 1

COMMAND LINE ARGUMENTS:
E:\2021.3.11f1\Editor\Unity.exe
-adb2
-batchMode
-noUpm
-name
AssetImportWorker4
-projectPath
C:/Users/diana/Documents/GitHub/kokojambo/kokojambo
-logFile
Logs/AssetImportWorker4.log
-srvPort
49747
Successfully changed project path to: C:/Users/diana/Documents/GitHub/kokojambo/kokojambo
C:/Users/diana/Documents/GitHub/kokojambo/kokojambo
[UnityMemory] Configuration Parameters - Can be set up in boot.config
    "memorysetup-bucket-allocator-granularity=16"
    "memorysetup-bucket-allocator-bucket-count=8"
    "memorysetup-bucket-allocator-block-size=33554432"
    "memorysetup-bucket-allocator-block-count=8"
    "memorysetup-main-allocator-block-size=16777216"
    "memorysetup-thread-allocator-block-size=16777216"
    "memorysetup-gfx-main-allocator-block-size=16777216"
    "memorysetup-gfx-thread-allocator-block-size=16777216"
    "memorysetup-cache-allocator-block-size=4194304"
    "memorysetup-typetree-allocator-block-size=2097152"
    "memorysetup-profiler-bucket-allocator-granularity=16"
    "memorysetup-profiler-bucket-allocator-bucket-count=8"
    "memorysetup-profiler-bucket-allocator-block-size=33554432"
    "memorysetup-profiler-bucket-allocator-block-count=8"
    "memorysetup-profiler-allocator-block-size=16777216"
    "memorysetup-profiler-editor-allocator-block-size=1048576"
    "memorysetup-temp-allocator-size-main=16777216"
    "memorysetup-job-temp-allocator-block-size=2097152"
    "memorysetup-job-temp-allocator-block-size-background=1048576"
    "memorysetup-job-temp-allocator-reduction-small-platforms=262144"
    "memorysetup-temp-allocator-size-background-worker=32768"
    "memorysetup-temp-allocator-size-job-worker=262144"
    "memorysetup-temp-allocator-size-preload-manager=33554432"
    "memorysetup-temp-allocator-size-nav-mesh-worker=65536"
    "memorysetup-temp-allocator-size-audio-worker=65536"
    "memorysetup-temp-allocator-size-cloud-worker=32768"
    "memorysetup-temp-allocator-size-gi-baking-worker=262144"
    "memorysetup-temp-allocator-size-gfx=262144"
Refreshing native plugins compatible for Editor in 105.55 ms, found 6 plugins.
Preloading 0 native plugins for Editor in 0.00 ms.
Initialize engine version: 2021.3.11f1 (0a5ca18544bf)
[Subsystems] Discovering subsystems at path E:/2021.3.11f1/Editor/Data/Resources/UnitySubsystems
[Subsystems] Discovering subsystems at path C:/Users/diana/Documents/GitHub/kokojambo/kokojambo/Assets
GfxDevice: creating device client; threaded=0; jobified=0
Direct3D:
    Version:  Direct3D 11.0 [level 11.1]
    Renderer: NVIDIA GeForce RTX 3060 Laptop GPU (ID=0x2520)
    Vendor:   NVIDIA
    VRAM:     6023 MB
    Driver:   30.0.15.1278
Initialize mono
Mono path[0] = 'E:/2021.3.11f1/Editor/Data/Managed'
Mono path[1] = 'E:/2021.3.11f1/Editor/Data/MonoBleedingEdge/lib/mono/unityjit-win32'
Mono config path = 'E:/2021.3.11f1/Editor/Data/MonoBleedingEdge/etc'
Using monoOptions --debugger-agent=transport=dt_socket,embedding=1,server=y,suspend=n,address=127.0.0.1:56936
Begin MonoManager ReloadAssembly
Registering precompiled unity dll's ...
Register platform support module: E:/2021.3.11f1/Editor/Data/PlaybackEngines/WebGLSupport/UnityEditor.WebGL.Extensions.dll
Register platform support module: E:/2021.3.11f1/Editor/Data/PlaybackEngines/MacStandaloneSupport/UnityEditor.OSXStandalone.Extensions.dll
Register platform support module: E:/2021.3.11f1/Editor/Data/PlaybackEngines/AndroidPlayer/UnityEditor.Android.Extensions.dll
Register platform support module: E:/2021.3.11f1/Editor/Data/PlaybackEngines/iOSSupport/UnityEditor.iOS.Extensions.dll
Register platform support module: E:/2021.3.11f1/Editor/Data/PlaybackEngines/AppleTVSupport/UnityEditor.AppleTV.Extensions.dll
Register platform support module: E:/2021.3.11f1/Editor/Data/PlaybackEngines/WindowsStandaloneSupport/UnityEditor.WindowsStandalone.Extensions.dll
Register platform support module: E:/2021.3.11f1/Editor/Data/PlaybackEngines/LinuxStandaloneSupport/UnityEditor.LinuxStandalone.Extensions.dll
Register platform support module: E:/2021.3.11f1/Editor/Data/PlaybackEngines/MetroSupport/UnityEditor.UWP.Extensions.dll
Registered in 0.003555 seconds.
Native extension for UWP target not found
Native extension for LinuxStandalone target not found
Native extension for WindowsStandalone target not found
[usbmuxd] Start listen thread
[usbmuxd] Listen thread started
Native extension for AppleTV target not found
[usbmuxd] Start listen thread
[usbmuxd] Listen thread started
Native extension for iOS target not found
Native extension for Android target not found
Native extension for OSXStandalone target not found
Native extension for WebGL target not found
Refreshing native plugins compatible for Editor in 91.66 ms, found 6 plugins.
Preloading 0 native plugins for Editor in 0.00 ms.
Mono: successfully reloaded assembly
- Completed reload, in  0.584 seconds
Domain Reload Profiling:
	ReloadAssembly (585ms)
		BeginReloadAssembly (58ms)
			ExecutionOrderSort (0ms)
			DisableScriptedObjects (0ms)
			BackupInstance (0ms)
			ReleaseScriptingObjects (0ms)
			CreateAndSetChildDomain (1ms)
		EndReloadAssembly (447ms)
			LoadAssemblies (58ms)
			RebuildTransferFunctionScriptingTraits (0ms)
			SetupTypeCache (94ms)
			ReleaseScriptCaches (0ms)
			RebuildScriptCaches (27ms)
			SetupLoadedEditorAssemblies (281ms)
				LogAssemblyErrors (0ms)
				InitializePlatformSupportModulesInManaged (62ms)
				SetLoadedEditorAssemblies (0ms)
				RefreshPlugins (92ms)
				BeforeProcessingInitializeOnLoad (1ms)
				ProcessInitializeOnLoadAttributes (84ms)
				ProcessInitializeOnLoadMethodAttributes (42ms)
				AfterProcessingInitializeOnLoad (0ms)
				EditorAssembliesLoaded (0ms)
			ExecutionOrderSort2 (0ms)
			AwakeInstancesAfterBackupRestoration (0ms)
Platform modules already initialized, skipping
Registering precompiled user dll's ...
Registered in 0.008595 seconds.
Begin MonoManager ReloadAssembly
Symbol file LoadedFromMemory doesn't match image C:\Users\diana\Documents\GitHub\kokojambo\kokojambo\Library\PackageCache\com.unity.visualscripting@1.7.8\Editor\VisualScripting.Core\Dependencies\YamlDotNet\Unity.VisualScripting.YamlDotNet.dll
Symbol file LoadedFromMemory doesn't match image C:\Users\diana\Documents\GitHub\kokojambo\kokojambo\Library\PackageCache\com.unity.visualscripting@1.7.8\Editor\VisualScripting.Core\Dependencies\DotNetZip\Unity.VisualScripting.IonicZip.dll
Native extension for UWP target not found
Native extension for LinuxStandalone target not found
Native extension for WindowsStandalone target not found
Native extension for AppleTV target not found
Native extension for iOS target not found
Native extension for Android target not found
Native extension for OSXStandalone target not found
Native extension for WebGL target not found
Refreshing native plugins compatible for Editor in 85.60 ms, found 6 plugins.
Preloading 0 native plugins for Editor in 0.00 ms.
Mono: successfully reloaded assembly
- Completed reload, in  1.114 seconds
Domain Reload Profiling:
	ReloadAssembly (1115ms)
		BeginReloadAssembly (210ms)
			ExecutionOrderSort (0ms)
			DisableScriptedObjects (6ms)
			BackupInstance (0ms)
			ReleaseScriptingObjects (0ms)
			CreateAndSetChildDomain (133ms)
		EndReloadAssembly (815ms)
			LoadAssemblies (74ms)
			RebuildTransferFunctionScriptingTraits (0ms)
			SetupTypeCache (240ms)
			ReleaseScriptCaches (1ms)
			RebuildScriptCaches (45ms)
			SetupLoadedEditorAssemblies (416ms)
				LogAssemblyErrors (0ms)
				InitializePlatformSupportModulesInManaged (20ms)
				SetLoadedEditorAssemblies (1ms)
				RefreshPlugins (86ms)
				BeforeProcessingInitializeOnLoad (87ms)
				ProcessInitializeOnLoadAttributes (186ms)
				ProcessInitializeOnLoadMethodAttributes (34ms)
				AfterProcessingInitializeOnLoad (2ms)
				EditorAssembliesLoaded (0ms)
			ExecutionOrderSort2 (0ms)
			AwakeInstancesAfterBackupRestoration (5ms)
Platform modules already initialized, skipping
========================================================================
Worker process is ready to serve import requests
Launched and connected shader compiler UnityShaderCompiler.exe after 0.04 seconds
Refreshing native plugins compatible for Editor in 0.95 ms, found 6 plugins.
Preloading 0 native plugins for Editor in 0.00 ms.
Unloading 4379 Unused Serialized files (Serialized files now loaded: 0)
Unloading 48 unused Assets / (56.3 KB). Loaded Objects now: 4830.
Memory consumption went from 165.7 MB to 165.7 MB.
Total: 2.831900 ms (FindLiveObjects: 0.246500 ms CreateObjectMapping: 0.103700 ms MarkObjects: 2.412800 ms  DeleteObjects: 0.067800 ms)

AssetImportParameters requested are different than current active one (requested -> active):
  custom:video-decoder-ogg-theora: a1e56fd34408186e4bbccfd4996cb3dc -> 
  custom:container-muxer-webm: aa71ff27fc2769a1b78a27578f13a17b -> 
  custom:container-demuxer-webm: 4f35f7cbe854078d1ac9338744f61a02 -> 
  custom:video-encoder-webm-vp8: eb34c28f22e8b96e1ab97ce403110664 -> 
  custom:audio-encoder-webm-vorbis: bf7c407c2cedff20999df2af8eb42d56 -> 
  custom:framework-win-MediaFoundation: 216162199b28c13a410421893ffa2e32 -> 
  custom:container-demuxer-ogg: 62fdf1f143b41e24485cea50d1cbac27 -> 
  custom:video-decoder-webm-vp8: 9c59270c3fd7afecdb556c50c9e8de78 -> 
  custom:audio-decoder-ogg-vorbis: bf7c407c2cedff20999df2af8eb42d56 -> 
========================================================================
Received Import Request.
  Time since last request: 1235378.301004 seconds.
  path: Assets/backgroundlvl2/1 Tiles/Tile_43.png
  artifactKey: Guid(5b96e4efaa8f38740af6bb50ca1931ac) Importer(815301076,1909f56bfc062723c751e8b465ee728b)
Start importing Assets/backgroundlvl2/1 Tiles/Tile_43.png using Guid(5b96e4efaa8f38740af6bb50ca1931ac) Importer(815301076,1909f56bfc062723c751e8b465ee728b)  -> (artifact id: '843ac9a2d12214d7995ffca10de0f4cf') in 0.092491 seconds 
========================================================================
Received Import Request.
  Time since last request: 0.004483 seconds.
  path: Assets/backgroundlvl2/1 Tiles/Tile_01.png
  artifactKey: Guid(98502db41ae7fc040808a0eca514b547) Importer(815301076,1909f56bfc062723c751e8b465ee728b)
Start importing Assets/backgroundlvl2/1 Tiles/Tile_01.png using Guid(98502db41ae7fc040808a0eca514b547) Importer(815301076,1909f56bfc062723c751e8b465ee728b)  -> (artifact id: '216491d7a41abb093cee7f456b44c7a6') in 0.017537 seconds 
========================================================================
Received Import Request.
  Time since last request: 0.000023 seconds.
  path: Assets/backgroundlvl2/1 Tiles/Tile_04.png
  artifactKey: Guid(a9f33a53b94e84c43b2d6e47b3d45aa4) Importer(815301076,1909f56bfc062723c751e8b465ee728b)
Start importing Assets/backgroundlvl2/1 Tiles/Tile_04.png using Guid(a9f33a53b94e84c43b2d6e47b3d45aa4) Importer(815301076,1909f56bfc062723c751e8b465ee728b)  -> (artifact id: 'ee8c48ea0c5302e54974073908c2c7e4') in 0.014077 seconds 
========================================================================
Received Import Request.
  Time since last request: 0.000027 seconds.
  path: Assets/backgroundlvl2/1 Tiles/Tile_31.png
  artifactKey: Guid(2b58c30b387c33b429fd88aa05397668) Importer(815301076,1909f56bfc062723c751e8b465ee728b)
Start importing Assets/backgroundlvl2/1 Tiles/Tile_31.png using Guid(2b58c30b387c33b429fd88aa05397668) Importer(815301076,1909f56bfc062723c751e8b465ee728b)  -> (artifact id: 'fc24d63f6f5097d31ccbc01469dab131') in 0.011971 seconds 
========================================================================
Received Import Request.
  Time since last request: 0.000025 seconds.
  path: Assets/backgroundlvl2/1 Tiles/Tile_19.png
  artifactKey: Guid(2336e97bc10b938488f7e645b8ce8296) Importer(815301076,1909f56bfc062723c751e8b465ee728b)
Start importing Assets/backgroundlvl2/1 Tiles/Tile_19.png using Guid(2336e97bc10b938488f7e645b8ce8296) Importer(815301076,1909f56bfc062723c751e8b465ee728b)  -> (artifact id: '8d236e2a49a16c2c172716cdeab91c6f') in 0.011907 seconds 
========================================================================
Received Import Request.
  Time since last request: 0.000025 seconds.
  path: Assets/backgroundlvl2/1 Tiles/Tile_12.png
  artifactKey: Guid(bbb763b369f18c64c8e5400562fa7b46) Importer(815301076,1909f56bfc062723c751e8b465ee728b)
Start importing Assets/backgroundlvl2/1 Tiles/Tile_12.png using Guid(bbb763b369f18c64c8e5400562fa7b46) Importer(815301076,1909f56bfc062723c751e8b465ee728b)  -> (artifact id: '1632461d4af800e7cefe6a25045cd1d5') in 0.011819 seconds 
========================================================================
Received Import Request.
  Time since last request: 0.000044 seconds.
  path: Assets/backgroundlvl2/1 Tiles/Tile_26.png
  artifactKey: Guid(c27b10578dbba7a40a7d12d2ce8fe188) Importer(815301076,1909f56bfc062723c751e8b465ee728b)
Start importing Assets/backgroundlvl2/1 Tiles/Tile_26.png using Guid(c27b10578dbba7a40a7d12d2ce8fe188) Importer(815301076,1909f56bfc062723c751e8b465ee728b)  -> (artifact id: '67b73acd8c74c0a582076d2505d651db') in 0.010972 seconds 
========================================================================
Received Import Request.
  Time since last request: 0.000026 seconds.
  path: Assets/backgroundlvl2/1 Tiles/Tile_34.png
  artifactKey: Guid(c2a13c649954bcf4f8f2412a8d216b7a) Importer(815301076,1909f56bfc062723c751e8b465ee728b)
Start importing Assets/backgroundlvl2/1 Tiles/Tile_34.png using Guid(c2a13c649954bcf4f8f2412a8d216b7a) Importer(815301076,1909f56bfc062723c751e8b465ee728b)  -> (artifact id: '5a3f0b0712df210baaf87ba1debc95a5') in 0.014743 seconds 
========================================================================
Received Import Request.
  Time since last request: 0.000023 seconds.
  path: Assets/backgroundlvl2/1 Tiles/Tile_06.png
  artifactKey: Guid(0215af71bb527ec46a5ccc0e6ef3670e) Importer(815301076,1909f56bfc062723c751e8b465ee728b)
Start importing Assets/backgroundlvl2/1 Tiles/Tile_06.png using Guid(0215af71bb527ec46a5ccc0e6ef3670e) Importer(815301076,1909f56bfc062723c751e8b465ee728b)  -> (artifact id: 'e880591da47dbe10378a70a1cf29ba17') in 0.013530 seconds 
========================================================================
Received Import Request.
  Time since last request: 0.000020 seconds.
  path: Assets/backgroundlvl2/1 Tiles/Tile_08.png
  artifactKey: Guid(5b6c2294dc7908a4dbca824bdb263e12) Importer(815301076,1909f56bfc062723c751e8b465ee728b)
Start importing Assets/backgroundlvl2/1 Tiles/Tile_08.png using Guid(5b6c2294dc7908a4dbca824bdb263e12) Importer(815301076,1909f56bfc062723c751e8b465ee728b)  -> (artifact id: '766124af9220008a47e92aa838309a4b') in 0.011486 seconds 
========================================================================
Received Import Request.
  Time since last request: 0.000032 seconds.
  path: Assets/backgroundlvl2/1 Tiles/Tile_21.png
  artifactKey: Guid(90ed06bc8865b28448311d808a255d66) Importer(815301076,1909f56bfc062723c751e8b465ee728b)
Start importing Assets/backgroundlvl2/1 Tiles/Tile_21.png using Guid(90ed06bc8865b28448311d808a255d66) Importer(815301076,1909f56bfc062723c751e8b465ee728b)  -> (artifact id: '83656baed87d8f47181928a27b3fc4da') in 0.013589 seconds 
========================================================================
Received Import Request.
  Time since last request: 0.000023 seconds.
  path: Assets/backgroundlvl2/1 Tiles/Tile_45.png
  artifactKey: Guid(a49e1a73ea070af4d80336c0b6149a43) Importer(815301076,1909f56bfc062723c751e8b465ee728b)
Start importing Assets/backgroundlvl2/1 Tiles/Tile_45.png using Guid(a49e1a73ea070af4d80336c0b6149a43) Importer(815301076,1909f56bfc062723c751e8b465ee728b)  -> (artifact id: 'd01232bfaf5b4125b0e93fb8f7eac943') in 0.010364 seconds 
========================================================================
Received Import Request.
  Time since last request: 0.000031 seconds.
  path: Assets/backgroundlvl2/1 Tiles/Tile_23.png
  artifactKey: Guid(eb6a35847558c2b498dab9995c6a26fe) Importer(815301076,1909f56bfc062723c751e8b465ee728b)
Start importing Assets/backgroundlvl2/1 Tiles/Tile_23.png using Guid(eb6a35847558c2b498dab9995c6a26fe) Importer(815301076,1909f56bfc062723c751e8b465ee728b)  -> (artifact id: '4930dc885fb59ece8f8c132176131c93') in 0.014769 seconds 
========================================================================
Received Import Request.
  Time since last request: 0.000031 seconds.
  path: Assets/backgroundlvl2/1 Tiles/Tile_25.png
  artifactKey: Guid(e37644b2ee314754887097f444d158ab) Importer(815301076,1909f56bfc062723c751e8b465ee728b)
Start importing Assets/backgroundlvl2/1 Tiles/Tile_25.png using Guid(e37644b2ee314754887097f444d158ab) Importer(815301076,1909f56bfc062723c751e8b465ee728b)  -> (artifact id: '7dd4321d020ef6b7a9398dc191fd79e0') in 0.011352 seconds 
========================================================================
Received Import Request.
  Time since last request: 0.000035 seconds.
  path: Assets/backgroundlvl2/1 Tiles/Tile_36.png
  artifactKey: Guid(2bf48f8b706fe4b44adc7ba149cdab64) Importer(815301076,1909f56bfc062723c751e8b465ee728b)
Start importing Assets/backgroundlvl2/1 Tiles/Tile_36.png using Guid(2bf48f8b706fe4b44adc7ba149cdab64) Importer(815301076,1909f56bfc062723c751e8b465ee728b)  -> (artifact id: '1784653039ed502ff8d610bd7296b2de') in 0.011580 seconds 
========================================================================
Received Import Request.
  Time since last request: 0.000025 seconds.
  path: Assets/backgroundlvl2/1 Tiles/Tile_05.png
  artifactKey: Guid(ac170ec0f4b1b674da27369c9b7c1275) Importer(815301076,1909f56bfc062723c751e8b465ee728b)
Start importing Assets/backgroundlvl2/1 Tiles/Tile_05.png using Guid(ac170ec0f4b1b674da27369c9b7c1275) Importer(815301076,1909f56bfc062723c751e8b465ee728b)  -> (artifact id: '042dbe440c1ca5b3805df2efb8531e28') in 0.014414 seconds 
Editor requested this worker to shutdown with reason: Scaling down because of idle timeout
AssetImportWorker is now disconnected from the server
Process exiting
Exiting without the bug reporter. Application will terminate with return code 0